Log file open, 09/02/19 14:20:06
LogWindows: Failed to load 'aqProf.dll' (GetLastError=126)
LogWindows: File 'aqProf.dll' does not exist
LogWindows: Failed to load 'VtuneApi.dll' (GetLastError=126)
LogWindows: File 'VtuneApi.dll' does not exist
LogWindows: Failed to load 'VtuneApi32e.dll' (GetLastError=126)
LogWindows: File 'VtuneApi32e.dll' does not exist
LogConsoleResponse: Display: Failed to find resolution value strings in scalability ini. Falling back to default.
LogInit: Display: Running engine for game: SideScrollGame
LogPakFile: Registered encryption key '00000000000000000000000000000000': 0 pak files mounted, 0 remain pending
LogPlatformFile: Not using cached read wrapper
LogTaskGraph: Started task graph with 5 named threads and 23 total threads with 3 sets of task threads.
LogStats: Stats thread started at 0.273021
LogD3D11RHI: Loaded GFSDK_Aftermath_Lib.x64.dll
LogICUInternationalization: ICU TimeZone Detection - Raw Offset: +9:00, Platform Override: ''
LogPluginManager: Mounting plugin Paper2D
LogPluginManager: Mounting plugin AISupport
LogPluginManager: Mounting plugin LightPropagationVolume
LogPluginManager: Mounting plugin ActorLayerUtilities
LogPluginManager: Mounting plugin AnimationSharing
LogPluginManager: Mounting plugin CLionSourceCodeAccess
LogPluginManager: Mounting plugin CodeLiteSourceCodeAccess
LogPluginManager: Mounting plugin GitSourceControl
LogPluginManager: Mounting plugin KDevelopSourceCodeAccess
LogPluginManager: Mounting plugin NullSourceCodeAccess
LogPluginManager: Mounting plugin PerforceSourceControl
LogPluginManager: Mounting plugin SubversionSourceControl
LogPluginManager: Mounting plugin UObjectPlugin
LogPluginManager: Mounting plugin VisualStudioCodeSourceCodeAccess
LogPluginManager: Mounting plugin VisualStudioSourceCodeAccess
LogPluginManager: Mounting plugin XCodeSourceCodeAccess
LogPluginManager: Mounting plugin AssetManagerEditor
LogPluginManager: Mounting plugin CryptoKeys
LogPluginManager: Mounting plugin DataValidation
LogPluginManager: Mounting plugin FacialAnimation
LogPluginManager: Mounting plugin GameplayTagsEditor
LogPluginManager: Mounting plugin MacGraphicsSwitching
LogPluginManager: Mounting plugin MaterialAnalyzer
LogPluginManager: Mounting plugin MobileLauncherProfileWizard
LogPluginManager: Mounting plugin PluginBrowser
LogPluginManager: Mounting plugin SpeedTreeImporter
LogPluginManager: Mounting plugin DatasmithContent
LogPluginManager: Mounting plugin VariantManagerContent
LogPluginManager: Mounting plugin AlembicImporter
LogPluginManager: Mounting plugin AppleImageUtils
LogPluginManager: Mounting plugin AppleVision
LogPluginManager: Mounting plugin BackChannel
LogPluginManager: Mounting plugin CharacterAI
LogPluginManager: Mounting plugin GeometryCache
LogPluginManager: Mounting plugin HTML5Networking
LogPluginManager: Mounting plugin ProxyLODPlugin
LogPluginManager: Mounting plugin SkeletalReduction
LogPluginManager: Mounting plugin MagicLeap
LogPluginManager: Mounting plugin MagicLeapMedia
LogPluginManager: Mounting plugin AndroidMedia
LogPluginManager: Mounting plugin AvfMedia
LogPluginManager: Mounting plugin ImgMedia
LogPluginManager: Mounting plugin LinearTimecode
LogPluginManager: Mounting plugin MediaCompositing
LogPluginManager: Mounting plugin MediaPlayerEditor
LogPluginManager: Mounting plugin WebMMedia
LogPluginManager: Mounting plugin WmfMedia
LogPluginManager: Mounting plugin TcpMessaging
LogPluginManager: Mounting plugin UdpMessaging
LogPluginManager: Mounting plugin ActorSequence
LogPluginManager: Mounting plugin LevelSequenceEditor
LogPluginManager: Mounting plugin MatineeToLevelSequence
LogPluginManager: Mounting plugin NetcodeUnitTest
LogPluginManager: Mounting plugin NUTUnrealEngine4
LogPluginManager: Mounting plugin OnlineSubsystemGooglePlay
LogPluginManager: Mounting plugin OnlineSubsystemIOS
LogPluginManager: Mounting plugin OnlineSubsystem
LogPluginManager: Mounting plugin OnlineSubsystemNull
LogPluginManager: Mounting plugin OnlineSubsystemUtils
LogPluginManager: Mounting plugin LauncherChunkInstaller
LogPluginManager: Mounting plugin AndroidDeviceProfileSelector
LogPluginManager: Mounting plugin AndroidMoviePlayer
LogPluginManager: Mounting plugin AndroidPermission
LogPluginManager: Mounting plugin AppleMoviePlayer
LogPluginManager: Mounting plugin ArchVisCharacter
LogPluginManager: Mounting plugin AudioCapture
LogPluginManager: Mounting plugin CableComponent
LogPluginManager: Mounting plugin CustomMeshComponent
LogPluginManager: Mounting plugin EditableMesh
LogPluginManager: Mounting plugin ExampleDeviceProfileSelector
LogPluginManager: Mounting plugin Firebase
LogPluginManager: Mounting plugin GoogleCloudMessaging
LogPluginManager: Mounting plugin IOSDeviceProfileSelector
LogPluginManager: Mounting plugin LinuxDeviceProfileSelector
LogPluginManager: Mounting plugin LocationServicesBPLibrary
LogPluginManager: Mounting plugin MobilePatchingUtils
LogPluginManager: Mounting plugin OculusVR
LogPluginManager: Mounting plugin PhysXVehicles
LogPluginManager: Mounting plugin ProceduralMeshComponent
LogPluginManager: Mounting plugin RuntimePhysXCooking
LogPluginManager: Mounting plugin SignificanceManager
LogPluginManager: Mounting plugin SteamVR
LogPluginManager: Mounting plugin WebMMoviePlayer
LogPluginManager: Mounting plugin WindowsMoviePlayer
LogInit: Using libcurl 7.55.1-DEV
LogInit:  - built for x86_64-pc-win32
LogInit:  - supports SSL with OpenSSL/1.1.1
LogInit:  - supports HTTP deflate (compression) using libz 1.2.8
LogInit:  - other features:
LogInit:      CURL_VERSION_SSL
LogInit:      CURL_VERSION_LIBZ
LogInit:      CURL_VERSION_IPV6
LogInit:      CURL_VERSION_ASYNCHDNS
LogInit:      CURL_VERSION_LARGEFILE
LogInit:      CURL_VERSION_IDN
LogInit:  CurlRequestOptions (configurable via config and command line):
LogInit:  - bVerifyPeer = true  - Libcurl will verify peer certificate
LogInit:  - bUseHttpProxy = false  - Libcurl will NOT use HTTP proxy
LogInit:  - bDontReuseConnections = false  - Libcurl will reuse connections
LogInit:  - MaxHostConnections = 16  - Libcurl will limit the number of connections to a host
LogInit:  - LocalHostAddr = Default
LogInit:  - BufferSize = 65536
LogInit: WinSock: version 1.1 (2.2), MaxSocks=32767, MaxUdp=65467
LogInit: Build: ++UE4+Release-4.22-CL-7053642
LogInit: Engine Version: 4.22.3-7053642+++UE4+Release-4.22
LogInit: Compatible Engine Version: 4.22.0-5660361+++UE4+Release-4.22
LogInit: Net CL: 5660361
LogInit: OS: Windows 10 (Release 1903) (), CPU: Intel(R) Core(TM) i7-4790 CPU @ 3.60GHz, GPU: NVIDIA GeForce GTX 960
LogInit: Compiled (64-bit): Jun 18 2019 03:09:11
LogInit: Compiled with Visual C++: 19.16.27025.01
LogInit: Build Configuration: Development
LogInit: Branch Name: ++UE4+Release-4.22
LogInit: Command Line:  -EpicPortal -epicusername=J_SSu -epicuserid=8fd6d4eddfa74f93adf3ca410949eaaf -epiclocale=ko-KR
LogInit: Base Directory: C:/Program Files/Epic Games/UE_4.22/Engine/Binaries/Win64/
LogInit: Installed Engine Build: 1
LogDevObjectVersion: Number of dev versions registered: 23
LogDevObjectVersion:   Dev-Blueprints (B0D832E4-1F89-4F0D-ACCF-7EB736FD4AA2): 10
LogDevObjectVersion:   Dev-Build (E1C64328-A22C-4D53-A36C-8E866417BD8C): 0
LogDevObjectVersion:   Dev-Core (375EC13C-06E4-48FB-B500-84F0262A717E): 3
LogDevObjectVersion:   Dev-Editor (E4B068ED-F494-42E9-A231-DA0B2E46BB41): 30
LogDevObjectVersion:   Dev-Framework (CFFC743F-43B0-4480-9391-14DF171D2073): 35
LogDevObjectVersion:   Dev-Mobile (B02B49B5-BB20-44E9-A304-32B752E40360): 2
LogDevObjectVersion:   Dev-Networking (A4E4105C-59A1-49B5-A7C5-40C4547EDFEE): 0
LogDevObjectVersion:   Dev-Online (39C831C9-5AE6-47DC-9A44-9C173E1C8E7C): 0
LogDevObjectVersion:   Dev-Physics (78F01B33-EBEA-4F98-B9B4-84EACCB95AA2): 0
LogDevObjectVersion:   Dev-Platform (6631380F-2D4D-43E0-8009-CF276956A95A): 0
LogDevObjectVersion:   Dev-Rendering (12F88B9F-8875-4AFC-A67C-D90C383ABD29): 28
LogDevObjectVersion:   Dev-Sequencer (7B5AE74C-D270-4C10-A958-57980B212A5A): 11
LogDevObjectVersion:   Dev-VR (D7296918-1DD6-4BDD-9DE2-64A83CC13884): 2
LogDevObjectVersion:   Dev-LoadTimes (C2A15278-BFE7-4AFE-6C17-90FF531DF755): 1
LogDevObjectVersion:   Private-Geometry (6EACA3D4-40EC-4CC1-B786-8BED09428FC5): 3
LogDevObjectVersion:   Dev-AnimPhys (29E575DD-E0A3-4627-9D10-D276232CDCEA): 17
LogDevObjectVersion:   Dev-Anim (AF43A65D-7FD3-4947-9873-3E8ED9C1BB05): 2
LogDevObjectVersion:   Dev-ReflectionCapture (6B266CEC-1EC7-4B8F-A30B-E4D90942FC07): 1
LogDevObjectVersion:   Dev-Automation (0DF73D61-A23F-47EA-B727-89E90C41499A): 1
LogDevObjectVersion:   FortniteMain (601D1886-AC64-4F84-AA16-D3DE0DEAC7D6): 25
LogDevObjectVersion:   Dev-Enterprise (9DFFBCD6-494F-0158-E221-12823C92A888): 6
LogDevObjectVersion:   Dev-Niagara (F2AED0AC-9AFE-416F-8664-AA7FFA26D6FC): 1
LogDevObjectVersion:   Dev-Destruction (174F1F0B-B4C6-45A5-B13F-2EE8D0FB917D): 2
LogInit: Presizing for max 16777216 objects, including 0 objects not considered by GC, pre-allocating 0 bytes for permanent pool.
LogInit: Object subsystem initialized
LogConfig: Setting CVar [[con.DebugEarlyDefault:1]]
LogConfig: Setting CVar [[r.setres:1280x720]]
[2019.09.02-05.20.07:086][  0]LogConfig: Setting CVar [[r.VSync:0]]
[2019.09.02-05.20.07:086][  0]LogConfig: Setting CVar [[r.RHICmdBypass:0]]
[2019.09.02-05.20.07:086][  0]LogConfig: Applying CVar settings from Section [/Script/Engine.RendererSettings] File [C:/Users/403/Desktop/UnrealProject/SideScrollGame/Saved/Config/Windows/Engine.ini]
[2019.09.02-05.20.07:086][  0]LogConfig: Setting CVar [[r.GPUCrashDebugging:0]]
[2019.09.02-05.20.07:086][  0]LogConfig: Setting CVar [[r.DefaultFeature.AutoExposure.ExtendDefaultLuminanceRange:1]]
[2019.09.02-05.20.07:086][  0]LogConfig: Applying CVar settings from Section [/Script/Engine.RendererOverrideSettings] File [C:/Users/403/Desktop/UnrealProject/SideScrollGame/Saved/Config/Windows/Engine.ini]
[2019.09.02-05.20.07:086][  0]LogConfig: Applying CVar settings from Section [/Script/Engine.StreamingSettings] File [C:/Users/403/Desktop/UnrealProject/SideScrollGame/Saved/Config/Windows/Engine.ini]
[2019.09.02-05.20.07:086][  0]LogConfig: Setting CVar [[s.MinBulkDataSizeForAsyncLoading:131072]]
[2019.09.02-05.20.07:086][  0]LogConfig: Setting CVar [[s.AsyncLoadingThreadEnabled:0]]
[2019.09.02-05.20.07:086][  0]LogConfig: Setting CVar [[s.EventDrivenLoaderEnabled:1]]
[2019.09.02-05.20.07:086][  0]LogConfig: Setting CVar [[s.WarnIfTimeLimitExceeded:0]]
[2019.09.02-05.20.07:086][  0]LogConfig: Setting CVar [[s.TimeLimitExceededMultiplier:1.5]]
[2019.09.02-05.20.07:086][  0]LogConfig: Setting CVar [[s.TimeLimitExceededMinTime:0.005]]
[2019.09.02-05.20.07:087][  0]LogConfig: Setting CVar [[s.UseBackgroundLevelStreaming:1]]
[2019.09.02-05.20.07:087][  0]LogConfig: Setting CVar [[s.PriorityAsyncLoadingExtraTime:15.0]]
[2019.09.02-05.20.07:087][  0]LogConfig: Setting CVar [[s.LevelStreamingActorsUpdateTimeLimit:5.0]]
[2019.09.02-05.20.07:087][  0]LogConfig: Setting CVar [[s.PriorityLevelStreamingActorsUpdateExtraTime:5.0]]
[2019.09.02-05.20.07:087][  0]LogConfig: Setting CVar [[s.LevelStreamingComponentsRegistrationGranularity:10]]
[2019.09.02-05.20.07:087][  0]LogConfig: Setting CVar [[s.UnregisterComponentsTimeLimit:1.0]]
[2019.09.02-05.20.07:087][  0]LogConfig: Setting CVar [[s.LevelStreamingComponentsUnregistrationGranularity:5]]
[2019.09.02-05.20.07:087][  0]LogConfig: Applying CVar settings from Section [/Script/Engine.GarbageCollectionSettings] File [C:/Users/403/Desktop/UnrealProject/SideScrollGame/Saved/Config/Windows/Engine.ini]
[2019.09.02-05.20.07:087][  0]LogConfig: Setting CVar [[gc.MaxObjectsNotConsideredByGC:1]]
[2019.09.02-05.20.07:087][  0]LogConfig: Setting CVar [[gc.SizeOfPermanentObjectPool:0]]
[2019.09.02-05.20.07:087][  0]LogConfig: Setting CVar [[gc.FlushStreamingOnGC:0]]
[2019.09.02-05.20.07:087][  0]LogConfig: Setting CVar [[gc.NumRetriesBeforeForcingGC:10]]
[2019.09.02-05.20.07:087][  0]LogConfig: Setting CVar [[gc.AllowParallelGC:1]]
[2019.09.02-05.20.07:087][  0]LogConfig: Setting CVar [[gc.TimeBetweenPurgingPendingKillObjects:61.1]]
[2019.09.02-05.20.07:087][  0]LogConfig: Setting CVar [[gc.MaxObjectsInEditor:16777216]]
[2019.09.02-05.20.07:087][  0]LogConfig: Setting CVar [[gc.IncrementalBeginDestroyEnabled:1]]
[2019.09.02-05.20.07:087][  0]LogConfig: Setting CVar [[gc.CreateGCClusters:1]]
[2019.09.02-05.20.07:087][  0]LogConfig: Setting CVar [[gc.MinGCClusterSize:5]]
[2019.09.02-05.20.07:087][  0]LogConfig: Setting CVar [[gc.ActorClusteringEnabled:0]]
[2019.09.02-05.20.07:087][  0]LogConfig: Setting CVar [[gc.BlueprintClusteringEnabled:0]]
[2019.09.02-05.20.07:087][  0]LogConfig: Setting CVar [[gc.UseDisregardForGCOnDedicatedServers:0]]
[2019.09.02-05.20.07:087][  0]LogConfig: Applying CVar settings from Section [/Script/Engine.NetworkSettings] File [C:/Users/403/Desktop/UnrealProject/SideScrollGame/Saved/Config/Windows/Engine.ini]
[2019.09.02-05.20.07:087][  0]LogConfig: Applying CVar settings from Section [/Script/UnrealEd.CookerSettings] File [C:/Users/403/Desktop/UnrealProject/SideScrollGame/Saved/Config/Windows/Engine.ini]
[2019.09.02-05.20.07:094][  0]LogConfig: Applying CVar settings from Section [ViewDistanceQuality@3] File [C:/Users/403/Desktop/UnrealProject/SideScrollGame/Saved/Config/Windows/Scalability.ini]
[2019.09.02-05.20.07:094][  0]LogConfig: Setting CVar [[r.SkeletalMeshLODBias:0]]
[2019.09.02-05.20.07:094][  0]LogConfig: Setting CVar [[r.ViewDistanceScale:1.0]]
[2019.09.02-05.20.07:094][  0]LogConfig: Applying CVar settings from Section [AntiAliasingQuality@3] File [C:/Users/403/Desktop/UnrealProject/SideScrollGame/Saved/Config/Windows/Scalability.ini]
[2019.09.02-05.20.07:094][  0]LogConfig: Setting CVar [[r.PostProcessAAQuality:4]]
[2019.09.02-05.20.07:094][  0]LogConfig: Applying CVar settings from Section [ShadowQuality@3] File [C:/Users/403/Desktop/UnrealProject/SideScrollGame/Saved/Config/Windows/Scalability.ini]
[2019.09.02-05.20.07:094][  0]LogConfig: Setting CVar [[r.LightFunctionQuality:1]]
[2019.09.02-05.20.07:094][  0]LogConfig: Setting CVar [[r.ShadowQuality:5]]
[2019.09.02-05.20.07:094][  0]LogConfig: Setting CVar [[r.Shadow.CSM.MaxCascades:10]]
[2019.09.02-05.20.07:094][  0]LogConfig: Setting CVar [[r.Shadow.MaxResolution:2048]]
[2019.09.02-05.20.07:094][  0]LogConfig: Setting CVar [[r.Shadow.MaxCSMResolution:2048]]
[2019.09.02-05.20.07:094][  0]LogConfig: Setting CVar [[r.Shadow.RadiusThreshold:0.01]]
[2019.09.02-05.20.07:094][  0]LogConfig: Setting CVar [[r.Shadow.DistanceScale:1.0]]
[2019.09.02-05.20.07:094][  0]LogConfig: Setting CVar [[r.Shadow.CSM.TransitionScale:1.0]]
[2019.09.02-05.20.07:094][  0]LogConfig: Setting CVar [[r.Shadow.PreShadowResolutionFactor:1.0]]
[2019.09.02-05.20.07:094][  0]LogConfig: Setting CVar [[r.DistanceFieldShadowing:1]]
[2019.09.02-05.20.07:094][  0]LogConfig: Setting CVar [[r.DistanceFieldAO:1]]
[2019.09.02-05.20.07:094][  0]LogConfig: Setting CVar [[r.AOQuality:2]]
[2019.09.02-05.20.07:094][  0]LogConfig: Setting CVar [[r.VolumetricFog:1]]
[2019.09.02-05.20.07:094][  0]LogConfig: Setting CVar [[r.VolumetricFog.GridPixelSize:8]]
[2019.09.02-05.20.07:094][  0]LogConfig: Setting CVar [[r.VolumetricFog.GridSizeZ:128]]
[2019.09.02-05.20.07:094][  0]LogConfig: Setting CVar [[r.VolumetricFog.HistoryMissSupersampleCount:4]]
[2019.09.02-05.20.07:094][  0]LogConfig: Setting CVar [[r.LightMaxDrawDistanceScale:1]]
[2019.09.02-05.20.07:094][  0]LogConfig: Setting CVar [[r.CapsuleShadows:1]]
[2019.09.02-05.20.07:094][  0]LogConfig: Applying CVar settings from Section [PostProcessQuality@3] File [C:/Users/403/Desktop/UnrealProject/SideScrollGame/Saved/Config/Windows/Scalability.ini]
[2019.09.02-05.20.07:094][  0]LogConfig: Setting CVar [[r.MotionBlurQuality:4]]
[2019.09.02-05.20.07:094][  0]LogConfig: Setting CVar [[r.AmbientOcclusionMipLevelFactor:0.4]]
[2019.09.02-05.20.07:094][  0]LogConfig: Setting CVar [[r.AmbientOcclusionMaxQuality:100]]
[2019.09.02-05.20.07:094][  0]LogConfig: Setting CVar [[r.AmbientOcclusionLevels:-1]]
[2019.09.02-05.20.07:094][  0]LogConfig: Setting CVar [[r.AmbientOcclusionRadiusScale:1.0]]
[2019.09.02-05.20.07:094][  0]LogConfig: Setting CVar [[r.DepthOfFieldQuality:2]]
[2019.09.02-05.20.07:094][  0]LogConfig: Setting CVar [[r.RenderTargetPoolMin:400]]
[2019.09.02-05.20.07:094][  0]LogConfig: Setting CVar [[r.LensFlareQuality:2]]
[2019.09.02-05.20.07:094][  0]LogConfig: Setting CVar [[r.SceneColorFringeQuality:1]]
[2019.09.02-05.20.07:094][  0]LogConfig: Setting CVar [[r.EyeAdaptationQuality:2]]
[2019.09.02-05.20.07:094][  0]LogConfig: Setting CVar [[r.BloomQuality:5]]
[2019.09.02-05.20.07:094][  0]LogConfig: Setting CVar [[r.FastBlurThreshold:100]]
[2019.09.02-05.20.07:094][  0]LogConfig: Setting CVar [[r.Upscale.Quality:3]]
[2019.09.02-05.20.07:094][  0]LogConfig: Setting CVar [[r.Tonemapper.GrainQuantization:1]]
[2019.09.02-05.20.07:094][  0]LogConfig: Setting CVar [[r.LightShaftQuality:1]]
[2019.09.02-05.20.07:094][  0]LogConfig: Setting CVar [[r.Filter.SizeScale:1]]
[2019.09.02-05.20.07:094][  0]LogConfig: Setting CVar [[r.Tonemapper.Quality:5]]
[2019.09.02-05.20.07:094][  0]LogConfig: Setting CVar [[r.DOF.Gather.AccumulatorQuality:1        ; higher gathering accumulator quality]]
[2019.09.02-05.20.07:094][  0]LogConfig: Setting CVar [[r.DOF.Gather.PostfilterMethod:1          ; Median3x3 postfilering method]]
[2019.09.02-05.20.07:094][  0]LogConfig: Setting CVar [[r.DOF.Gather.EnableBokehSettings:0       ; no bokeh simulation when gathering]]
[2019.09.02-05.20.07:094][  0]LogConfig: Setting CVar [[r.DOF.Gather.RingCount:4                 ; medium number of samples when gathering]]
[2019.09.02-05.20.07:094][  0]LogConfig: Setting CVar [[r.DOF.Scatter.ForegroundCompositing:1    ; additive foreground scattering]]
[2019.09.02-05.20.07:094][  0]LogConfig: Setting CVar [[r.DOF.Scatter.BackgroundCompositing:2    ; additive background scattering]]
[2019.09.02-05.20.07:094][  0]LogConfig: Setting CVar [[r.DOF.Scatter.EnableBokehSettings:1      ; bokeh simulation when scattering]]
[2019.09.02-05.20.07:094][  0]LogConfig: Setting CVar [[r.DOF.Scatter.MaxSpriteRatio:0.1         ; only a maximum of 10% of scattered bokeh]]
[2019.09.02-05.20.07:094][  0]LogConfig: Setting CVar [[r.DOF.Recombine.Quality:1                ; cheap slight out of focus]]
[2019.09.02-05.20.07:094][  0]LogConfig: Setting CVar [[r.DOF.Recombine.EnableBokehSettings:0    ; no bokeh simulation on slight out of focus]]
[2019.09.02-05.20.07:094][  0]LogConfig: Setting CVar [[r.DOF.TemporalAAQuality:1                ; more stable temporal accumulation]]
[2019.09.02-05.20.07:094][  0]LogConfig: Setting CVar [[r.DOF.Kernel.MaxForegroundRadius:0.025]]
[2019.09.02-05.20.07:094][  0]LogConfig: Setting CVar [[r.DOF.Kernel.MaxBackgroundRadius:0.025]]
[2019.09.02-05.20.07:094][  0]LogConfig: Applying CVar settings from Section [TextureQuality@3] File [C:/Users/403/Desktop/UnrealProject/SideScrollGame/Saved/Config/Windows/Scalability.ini]
[2019.09.02-05.20.07:094][  0]LogConfig: Setting CVar [[r.Streaming.MipBias:0]]
[2019.09.02-05.20.07:094][  0]LogConfig: Setting CVar [[r.Streaming.AmortizeCPUToGPUCopy:0]]
[2019.09.02-05.20.07:094][  0]LogConfig: Setting CVar [[r.Streaming.MaxNumTexturesToStreamPerFrame:0]]
[2019.09.02-05.20.07:094][  0]LogConfig: Setting CVar [[r.Streaming.Boost:1]]
[2019.09.02-05.20.07:094][  0]LogConfig: Setting CVar [[r.MaxAnisotropy:8]]
[2019.09.02-05.20.07:094][  0]LogConfig: Setting CVar [[r.Streaming.LimitPoolSizeToVRAM:0]]
[2019.09.02-05.20.07:094][  0]LogConfig: Setting CVar [[r.Streaming.PoolSize:1000]]
[2019.09.02-05.20.07:094][  0]LogConfig: Setting CVar [[r.Streaming.MaxEffectiveScreenSize:0]]
[2019.09.02-05.20.07:094][  0]LogConfig: Applying CVar settings from Section [EffectsQuality@3] File [C:/Users/403/Desktop/UnrealProject/SideScrollGame/Saved/Config/Windows/Scalability.ini]
[2019.09.02-05.20.07:094][  0]LogConfig: Setting CVar [[r.TranslucencyLightingVolumeDim:64]]
[2019.09.02-05.20.07:094][  0]LogConfig: Setting CVar [[r.RefractionQuality:2]]
[2019.09.02-05.20.07:094][  0]LogConfig: Setting CVar [[r.SSR.Quality:3]]
[2019.09.02-05.20.07:094][  0]LogConfig: Setting CVar [[r.SceneColorFormat:4]]
[2019.09.02-05.20.07:094][  0]LogConfig: Setting CVar [[r.DetailMode:2]]
[2019.09.02-05.20.07:094][  0]LogConfig: Setting CVar [[r.TranslucencyVolumeBlur:1]]
[2019.09.02-05.20.07:094][  0]LogConfig: Setting CVar [[r.MaterialQualityLevel:1 ; High quality]]
[2019.09.02-05.20.07:094][  0]LogConfig: Setting CVar [[r.SSS.Scale:1]]
[2019.09.02-05.20.07:094][  0]LogConfig: Setting CVar [[r.SSS.SampleSet:2]]
[2019.09.02-05.20.07:094][  0]LogConfig: Setting CVar [[r.SSS.Quality:1]]
[2019.09.02-05.20.07:094][  0]LogConfig: Setting CVar [[r.SSS.HalfRes:1]]
[2019.09.02-05.20.07:094][  0]LogConfig: Setting CVar [[r.EmitterSpawnRateScale:1.0]]
[2019.09.02-05.20.07:094][  0]LogConfig: Setting CVar [[r.ParticleLightQuality:2]]
[2019.09.02-05.20.07:094][  0]LogConfig: Applying CVar settings from Section [FoliageQuality@3] File [C:/Users/403/Desktop/UnrealProject/SideScrollGame/Saved/Config/Windows/Scalability.ini]
[2019.09.02-05.20.07:094][  0]LogConfig: Setting CVar [[foliage.DensityScale:1.0]]
[2019.09.02-05.20.07:095][  0]LogConfig: Setting CVar [[grass.DensityScale:1.0]]
[2019.09.02-05.20.07:095][  0]LogInit: Selected Device Profile: [Windows]
[2019.09.02-05.20.07:095][  0]LogInit: Applying CVar settings loaded from the selected device profile: [Windows]
[2019.09.02-05.20.07:107][  0]LogHAL: Display: Platform has ~ 16 GB [17118666752 / 17179869184 / 16], which maps to Larger [LargestMinGB=32, LargerMinGB=12, DefaultMinGB=8, SmallerMinGB=6, SmallestMinGB=0)
[2019.09.02-05.20.07:107][  0]LogConfig: Setting CVar [[r.Vulkan.UseRealUBs:0		; Required until we fix HLR fall-out]]
[2019.09.02-05.20.07:107][  0]LogInit: Going up to parent DeviceProfile []
[2019.09.02-05.20.07:107][  0]LogConfig: Applying CVar settings from Section [ViewDistanceQuality@3] File [C:/Users/403/Desktop/UnrealProject/SideScrollGame/Saved/Config/Windows/Scalability.ini]
[2019.09.02-05.20.07:107][  0]LogConfig: Setting CVar [[r.SkeletalMeshLODBias:0]]
[2019.09.02-05.20.07:107][  0]LogConfig: Setting CVar [[r.ViewDistanceScale:1.0]]
[2019.09.02-05.20.07:107][  0]LogConfig: Applying CVar settings from Section [AntiAliasingQuality@3] File [C:/Users/403/Desktop/UnrealProject/SideScrollGame/Saved/Config/Windows/Scalability.ini]
[2019.09.02-05.20.07:107][  0]LogConfig: Setting CVar [[r.PostProcessAAQuality:4]]
[2019.09.02-05.20.07:107][  0]LogConfig: Applying CVar settings from Section [ShadowQuality@3] File [C:/Users/403/Desktop/UnrealProject/SideScrollGame/Saved/Config/Windows/Scalability.ini]
[2019.09.02-05.20.07:107][  0]LogConfig: Setting CVar [[r.LightFunctionQuality:1]]
[2019.09.02-05.20.07:107][  0]LogConfig: Setting CVar [[r.ShadowQuality:5]]
[2019.09.02-05.20.07:107][  0]LogConfig: Setting CVar [[r.Shadow.CSM.MaxCascades:10]]
[2019.09.02-05.20.07:107][  0]LogConfig: Setting CVar [[r.Shadow.MaxResolution:2048]]
[2019.09.02-05.20.07:107][  0]LogConfig: Setting CVar [[r.Shadow.MaxCSMResolution:2048]]
[2019.09.02-05.20.07:107][  0]LogConfig: Setting CVar [[r.Shadow.RadiusThreshold:0.01]]
[2019.09.02-05.20.07:107][  0]LogConfig: Setting CVar [[r.Shadow.DistanceScale:1.0]]
[2019.09.02-05.20.07:107][  0]LogConfig: Setting CVar [[r.Shadow.CSM.TransitionScale:1.0]]
[2019.09.02-05.20.07:107][  0]LogConfig: Setting CVar [[r.Shadow.PreShadowResolutionFactor:1.0]]
[2019.09.02-05.20.07:107][  0]LogConfig: Setting CVar [[r.DistanceFieldShadowing:1]]
[2019.09.02-05.20.07:107][  0]LogConfig: Setting CVar [[r.DistanceFieldAO:1]]
[2019.09.02-05.20.07:107][  0]LogConfig: Setting CVar [[r.AOQuality:2]]
[2019.09.02-05.20.07:107][  0]LogConfig: Setting CVar [[r.VolumetricFog:1]]
[2019.09.02-05.20.07:107][  0]LogConfig: Setting CVar [[r.VolumetricFog.GridPixelSize:8]]
[2019.09.02-05.20.07:108][  0]LogConfig: Setting CVar [[r.VolumetricFog.GridSizeZ:128]]
[2019.09.02-05.20.07:108][  0]LogConfig: Setting CVar [[r.VolumetricFog.HistoryMissSupersampleCount:4]]
[2019.09.02-05.20.07:108][  0]LogConfig: Setting CVar [[r.LightMaxDrawDistanceScale:1]]
[2019.09.02-05.20.07:108][  0]LogConfig: Setting CVar [[r.CapsuleShadows:1]]
[2019.09.02-05.20.07:108][  0]LogConfig: Applying CVar settings from Section [PostProcessQuality@3] File [C:/Users/403/Desktop/UnrealProject/SideScrollGame/Saved/Config/Windows/Scalability.ini]
[2019.09.02-05.20.07:108][  0]LogConfig: Setting CVar [[r.MotionBlurQuality:4]]
[2019.09.02-05.20.07:108][  0]LogConfig: Setting CVar [[r.AmbientOcclusionMipLevelFactor:0.4]]
[2019.09.02-05.20.07:108][  0]LogConfig: Setting CVar [[r.AmbientOcclusionMaxQuality:100]]
[2019.09.02-05.20.07:108][  0]LogConfig: Setting CVar [[r.AmbientOcclusionLevels:-1]]
[2019.09.02-05.20.07:108][  0]LogConfig: Setting CVar [[r.AmbientOcclusionRadiusScale:1.0]]
[2019.09.02-05.20.07:108][  0]LogConfig: Setting CVar [[r.DepthOfFieldQuality:2]]
[2019.09.02-05.20.07:108][  0]LogConfig: Setting CVar [[r.RenderTargetPoolMin:400]]
[2019.09.02-05.20.07:108][  0]LogConfig: Setting CVar [[r.LensFlareQuality:2]]
[2019.09.02-05.20.07:108][  0]LogConfig: Setting CVar [[r.SceneColorFringeQuality:1]]
[2019.09.02-05.20.07:108][  0]LogConfig: Setting CVar [[r.EyeAdaptationQuality:2]]
[2019.09.02-05.20.07:108][  0]LogConfig: Setting CVar [[r.BloomQuality:5]]
[2019.09.02-05.20.07:108][  0]LogConfig: Setting CVar [[r.FastBlurThreshold:100]]
[2019.09.02-05.20.07:108][  0]LogConfig: Setting CVar [[r.Upscale.Quality:3]]
[2019.09.02-05.20.07:108][  0]LogConfig: Setting CVar [[r.Tonemapper.GrainQuantization:1]]
[2019.09.02-05.20.07:108][  0]LogConfig: Setting CVar [[r.LightShaftQuality:1]]
[2019.09.02-05.20.07:108][  0]LogConfig: Setting CVar [[r.Filter.SizeScale:1]]
[2019.09.02-05.20.07:108][  0]LogConfig: Setting CVar [[r.Tonemapper.Quality:5]]
[2019.09.02-05.20.07:108][  0]LogConfig: Setting CVar [[r.DOF.Gather.AccumulatorQuality:1        ; higher gathering accumulator quality]]
[2019.09.02-05.20.07:108][  0]LogConfig: Setting CVar [[r.DOF.Gather.PostfilterMethod:1          ; Median3x3 postfilering method]]
[2019.09.02-05.20.07:108][  0]LogConfig: Setting CVar [[r.DOF.Gather.EnableBokehSettings:0       ; no bokeh simulation when gathering]]
[2019.09.02-05.20.07:108][  0]LogConfig: Setting CVar [[r.DOF.Gather.RingCount:4                 ; medium number of samples when gathering]]
[2019.09.02-05.20.07:108][  0]LogConfig: Setting CVar [[r.DOF.Scatter.ForegroundCompositing:1    ; additive foreground scattering]]
[2019.09.02-05.20.07:108][  0]LogConfig: Setting CVar [[r.DOF.Scatter.BackgroundCompositing:2    ; additive background scattering]]
[2019.09.02-05.20.07:108][  0]LogConfig: Setting CVar [[r.DOF.Scatter.EnableBokehSettings:1      ; bokeh simulation when scattering]]
[2019.09.02-05.20.07:108][  0]LogConfig: Setting CVar [[r.DOF.Scatter.MaxSpriteRatio:0.1         ; only a maximum of 10% of scattered bokeh]]
[2019.09.02-05.20.07:108][  0]LogConfig: Setting CVar [[r.DOF.Recombine.Quality:1                ; cheap slight out of focus]]
[2019.09.02-05.20.07:108][  0]LogConfig: Setting CVar [[r.DOF.Recombine.EnableBokehSettings:0    ; no bokeh simulation on slight out of focus]]
[2019.09.02-05.20.07:108][  0]LogConfig: Setting CVar [[r.DOF.TemporalAAQuality:1                ; more stable temporal accumulation]]
[2019.09.02-05.20.07:108][  0]LogConfig: Setting CVar [[r.DOF.Kernel.MaxForegroundRadius:0.025]]
[2019.09.02-05.20.07:108][  0]LogConfig: Setting CVar [[r.DOF.Kernel.MaxBackgroundRadius:0.025]]
[2019.09.02-05.20.07:108][  0]LogConfig: Applying CVar settings from Section [TextureQuality@3] File [C:/Users/403/Desktop/UnrealProject/SideScrollGame/Saved/Config/Windows/Scalability.ini]
[2019.09.02-05.20.07:108][  0]LogConfig: Setting CVar [[r.Streaming.MipBias:0]]
[2019.09.02-05.20.07:108][  0]LogConfig: Setting CVar [[r.Streaming.AmortizeCPUToGPUCopy:0]]
[2019.09.02-05.20.07:108][  0]LogConfig: Setting CVar [[r.Streaming.MaxNumTexturesToStreamPerFrame:0]]
[2019.09.02-05.20.07:108][  0]LogConfig: Setting CVar [[r.Streaming.Boost:1]]
[2019.09.02-05.20.07:108][  0]LogConfig: Setting CVar [[r.MaxAnisotropy:8]]
[2019.09.02-05.20.07:108][  0]LogConfig: Setting CVar [[r.Streaming.LimitPoolSizeToVRAM:0]]
[2019.09.02-05.20.07:108][  0]LogConfig: Setting CVar [[r.Streaming.PoolSize:1000]]
[2019.09.02-05.20.07:108][  0]LogConfig: Setting CVar [[r.Streaming.MaxEffectiveScreenSize:0]]
[2019.09.02-05.20.07:108][  0]LogConfig: Applying CVar settings from Section [EffectsQuality@3] File [C:/Users/403/Desktop/UnrealProject/SideScrollGame/Saved/Config/Windows/Scalability.ini]
[2019.09.02-05.20.07:108][  0]LogConfig: Setting CVar [[r.TranslucencyLightingVolumeDim:64]]
[2019.09.02-05.20.07:108][  0]LogConfig: Setting CVar [[r.RefractionQuality:2]]
[2019.09.02-05.20.07:108][  0]LogConfig: Setting CVar [[r.SSR.Quality:3]]
[2019.09.02-05.20.07:108][  0]LogConfig: Setting CVar [[r.SceneColorFormat:4]]
[2019.09.02-05.20.07:108][  0]LogConfig: Setting CVar [[r.DetailMode:2]]
[2019.09.02-05.20.07:108][  0]LogConfig: Setting CVar [[r.TranslucencyVolumeBlur:1]]
[2019.09.02-05.20.07:108][  0]LogConfig: Setting CVar [[r.MaterialQualityLevel:1 ; High quality]]
[2019.09.02-05.20.07:108][  0]LogConfig: Setting CVar [[r.SSS.Scale:1]]
[2019.09.02-05.20.07:108][  0]LogConfig: Setting CVar [[r.SSS.SampleSet:2]]
[2019.09.02-05.20.07:108][  0]LogConfig: Setting CVar [[r.SSS.Quality:1]]
[2019.09.02-05.20.07:108][  0]LogConfig: Setting CVar [[r.SSS.HalfRes:1]]
[2019.09.02-05.20.07:108][  0]LogConfig: Setting CVar [[r.EmitterSpawnRateScale:1.0]]
[2019.09.02-05.20.07:108][  0]LogConfig: Setting CVar [[r.ParticleLightQuality:2]]
[2019.09.02-05.20.07:108][  0]LogConfig: Applying CVar settings from Section [FoliageQuality@3] File [C:/Users/403/Desktop/UnrealProject/SideScrollGame/Saved/Config/Windows/Scalability.ini]
[2019.09.02-05.20.07:108][  0]LogConfig: Setting CVar [[foliage.DensityScale:1.0]]
[2019.09.02-05.20.07:108][  0]LogConfig: Setting CVar [[grass.DensityScale:1.0]]
[2019.09.02-05.20.07:108][  0]LogConfig: Applying CVar settings from Section [Startup] File [../../../Engine/Config/ConsoleVariables.ini]
[2019.09.02-05.20.07:108][  0]LogConfig: Setting CVar [[net.UseAdaptiveNetUpdateFrequency:0]]
[2019.09.02-05.20.07:108][  0]LogConfig: Setting CVar [[p.chaos.AllowCreatePhysxBodies:1]]
[2019.09.02-05.20.07:108][  0]LogConfig: Applying CVar settings from Section [ConsoleVariables] File [C:/Users/403/Desktop/UnrealProject/SideScrollGame/Saved/Config/Windows/Engine.ini]
[2019.09.02-05.20.07:109][  0]LogInit: Computer: DESKTOP-EJATTSS
[2019.09.02-05.20.07:109][  0]LogInit: User: 403
[2019.09.02-05.20.07:109][  0]LogInit: CPU Page size=4096, Cores=4
[2019.09.02-05.20.07:109][  0]LogInit: High frequency timer resolution =10.000000 MHz
[2019.09.02-05.20.07:109][  0]LogMemory: Memory total: Physical=15.9GB (16GB approx)
[2019.09.02-05.20.07:109][  0]LogMemory: Platform Memory Stats for Windows
[2019.09.02-05.20.07:109][  0]LogMemory: Process Physical Memory: 98.55 MB used, 98.56 MB peak
[2019.09.02-05.20.07:109][  0]LogMemory: Process Virtual Memory: 89.00 MB used, 89.00 MB peak
[2019.09.02-05.20.07:109][  0]LogMemory: Physical Memory: 9930.54 MB used,  6395.10 MB free, 16325.63 MB total
[2019.09.02-05.20.07:109][  0]LogMemory: Virtual Memory: 4642.27 MB used,  134213088.00 MB free, 134217728.00 MB total
[2019.09.02-05.20.07:190][  0]LogInit: Overriding language with editor language configuration option (en).
[2019.09.02-05.20.07:190][  0]LogInit: Overriding locale with editor culture configuration option ().
[2019.09.02-05.20.07:190][  0]LogInit: Using OS detected locale (ko-KR).
[2019.09.02-05.20.07:373][  0]LogInit: Setting process to per monitor DPI aware
[2019.09.02-05.20.07:460][  0]LogSlate: New Slate User Created.  User Index 0, Is Virtual User: 0
[2019.09.02-05.20.07:460][  0]LogSlate: Slate User Registered.  User Index 0, Is Virtual User: 0
[2019.09.02-05.20.07:731][  0]LogHMD: Failed to initialize OpenVR with code 110
[2019.09.02-05.20.07:731][  0]LogD3D11RHI: D3D11 adapters:
[2019.09.02-05.20.07:794][  0]LogD3D11RHI:    0. 'NVIDIA GeForce GTX 960' (Feature Level 11_0)
[2019.09.02-05.20.07:794][  0]LogD3D11RHI:       2007/0/8162 MB DedicatedVideo/DedicatedSystem/SharedSystem, Outputs:2, VendorId:0x10de
[2019.09.02-05.20.07:797][  0]LogD3D11RHI:    1. 'Microsoft Basic Render Driver' (Feature Level 11_0)
[2019.09.02-05.20.07:797][  0]LogD3D11RHI:       0/0/8162 MB DedicatedVideo/DedicatedSystem/SharedSystem, Outputs:0, VendorId:0x1414
[2019.09.02-05.20.07:797][  0]LogD3D11RHI: Chosen D3D11 Adapter: 0
[2019.09.02-05.20.07:806][  0]LogD3D11RHI: Creating new Direct3DDevice
[2019.09.02-05.20.07:806][  0]LogD3D11RHI:     GPU DeviceId: 0x1401 (for the marketing name, search the web for "GPU Device Id")
[2019.09.02-05.20.07:806][  0]LogWindows: EnumDisplayDevices:
[2019.09.02-05.20.07:807][  0]LogWindows:    0. 'NVIDIA GeForce GTX 960' (P:0 D:1)
[2019.09.02-05.20.07:808][  0]LogWindows:    1. 'NVIDIA GeForce GTX 960' (P:1 D:1)
[2019.09.02-05.20.07:810][  0]LogWindows:    2. 'NVIDIA GeForce GTX 960' (P:0 D:0)
[2019.09.02-05.20.07:811][  0]LogWindows:    3. 'NVIDIA GeForce GTX 960' (P:0 D:0)
[2019.09.02-05.20.07:812][  0]LogWindows: DebugString: FoundDriverCount:4 
[2019.09.02-05.20.07:812][  0]LogD3D11RHI:     Adapter Name: NVIDIA GeForce GTX 960
[2019.09.02-05.20.07:812][  0]LogD3D11RHI:   Driver Version: 391.35 (internal:23.21.13.9135, unified:391.35)
[2019.09.02-05.20.07:812][  0]LogD3D11RHI:      Driver Date: 3-23-2018
[2019.09.02-05.20.07:812][  0]LogRHI: Texture pool is 1405 MB (70% of 2007 MB)
[2019.09.02-05.20.07:847][  0]LogD3D11RHI: Async texture creation enabled
[2019.09.02-05.20.07:851][  0]LogRendererCore: FGlobalReadBuffer::InitRHI
[2019.09.02-05.20.07:852][  0]LogRendererCore: FGlobalReadBuffer::InitRHI
[2019.09.02-05.20.07:852][  0]LogRendererCore: FGlobalReadBuffer::InitRHI
[2019.09.02-05.20.07:865][  0]LogD3D11RHI: GPU Timing Frequency: 1000.000000 (Debug: 2 2)
[2019.09.02-05.20.08:525][  0]LogTemp: Display: Module 'AllDesktopTargetPlatform' loaded TargetPlatform 'AllDesktop'
[2019.09.02-05.20.08:545][  0]LogTemp: Display: Module 'MacClientTargetPlatform' loaded TargetPlatform 'MacClient'
[2019.09.02-05.20.08:564][  0]LogTemp: Display: Module 'MacNoEditorTargetPlatform' loaded TargetPlatform 'MacNoEditor'
[2019.09.02-05.20.08:579][  0]LogTemp: Display: Module 'MacServerTargetPlatform' loaded TargetPlatform 'MacServer'
[2019.09.02-05.20.08:593][  0]LogTemp: Display: Module 'MacTargetPlatform' loaded TargetPlatform 'Mac'
[2019.09.02-05.20.08:608][  0]LogTemp: Display: Module 'WindowsClientTargetPlatform' loaded TargetPlatform 'WindowsClient'
[2019.09.02-05.20.08:625][  0]LogTemp: Display: Module 'WindowsNoEditorTargetPlatform' loaded TargetPlatform 'WindowsNoEditor'
[2019.09.02-05.20.08:640][  0]LogTemp: Display: Module 'WindowsServerTargetPlatform' loaded TargetPlatform 'WindowsServer'
[2019.09.02-05.20.08:648][  0]LogTemp: Display: Module 'WindowsTargetPlatform' loaded TargetPlatform 'Windows'
[2019.09.02-05.20.08:728][  0]LogTemp: Display: Module 'AndroidTargetPlatform' loaded TargetPlatform 'Android'
[2019.09.02-05.20.08:728][  0]LogTemp: Display: Module 'AndroidTargetPlatform' loaded TargetPlatform 'Android_ASTC'
[2019.09.02-05.20.08:728][  0]LogTemp: Display: Module 'AndroidTargetPlatform' loaded TargetPlatform 'Android_ATC'
[2019.09.02-05.20.08:728][  0]LogTemp: Display: Module 'AndroidTargetPlatform' loaded TargetPlatform 'Android_DXT'
[2019.09.02-05.20.08:728][  0]LogTemp: Display: Module 'AndroidTargetPlatform' loaded TargetPlatform 'Android_ETC1'
[2019.09.02-05.20.08:728][  0]LogTemp: Display: Module 'AndroidTargetPlatform' loaded TargetPlatform 'Android_ETC1a'
[2019.09.02-05.20.08:728][  0]LogTemp: Display: Module 'AndroidTargetPlatform' loaded TargetPlatform 'Android_ETC2'
[2019.09.02-05.20.08:728][  0]LogTemp: Display: Module 'AndroidTargetPlatform' loaded TargetPlatform 'Android_PVRTC'
[2019.09.02-05.20.08:728][  0]LogTemp: Display: Module 'AndroidTargetPlatform' loaded TargetPlatform 'AndroidClient'
[2019.09.02-05.20.08:728][  0]LogTemp: Display: Module 'AndroidTargetPlatform' loaded TargetPlatform 'Android_ASTCClient'
[2019.09.02-05.20.08:728][  0]LogTemp: Display: Module 'AndroidTargetPlatform' loaded TargetPlatform 'Android_ATCClient'
[2019.09.02-05.20.08:728][  0]LogTemp: Display: Module 'AndroidTargetPlatform' loaded TargetPlatform 'Android_DXTClient'
[2019.09.02-05.20.08:728][  0]LogTemp: Display: Module 'AndroidTargetPlatform' loaded TargetPlatform 'Android_ETC1Client'
[2019.09.02-05.20.08:728][  0]LogTemp: Display: Module 'AndroidTargetPlatform' loaded TargetPlatform 'Android_ETC1aClient'
[2019.09.02-05.20.08:728][  0]LogTemp: Display: Module 'AndroidTargetPlatform' loaded TargetPlatform 'Android_ETC2Client'
[2019.09.02-05.20.08:728][  0]LogTemp: Display: Module 'AndroidTargetPlatform' loaded TargetPlatform 'Android_PVRTCClient'
[2019.09.02-05.20.08:728][  0]LogTemp: Display: Module 'AndroidTargetPlatform' loaded TargetPlatform 'Android_Multi'
[2019.09.02-05.20.08:729][  0]LogTemp: Display: Module 'AndroidTargetPlatform' loaded TargetPlatform 'Android_MultiClient'
[2019.09.02-05.20.08:730][  0]LogTemp: Display: Module 'HTML5TargetPlatform' loaded TargetPlatform 'HTML5'
[2019.09.02-05.20.08:779][  0]LogTemp: Display: Module 'IOSTargetPlatform' loaded TargetPlatform 'IOSClient'
[2019.09.02-05.20.08:779][  0]LogTemp: Display: Module 'IOSTargetPlatform' loaded TargetPlatform 'IOS'
[2019.09.02-05.20.08:803][  0]LogTemp: Display: Module 'TVOSTargetPlatform' loaded TargetPlatform 'TVOSClient'
[2019.09.02-05.20.08:803][  0]LogTemp: Display: Module 'TVOSTargetPlatform' loaded TargetPlatform 'TVOS'
[2019.09.02-05.20.08:815][  0]LogTemp: Display: Module 'LinuxClientTargetPlatform' loaded TargetPlatform 'LinuxClient'
[2019.09.02-05.20.08:827][  0]LogTemp: Display: Module 'LinuxNoEditorTargetPlatform' loaded TargetPlatform 'LinuxNoEditor'
[2019.09.02-05.20.08:839][  0]LogTemp: Display: Module 'LinuxServerTargetPlatform' loaded TargetPlatform 'LinuxServer'
[2019.09.02-05.20.08:852][  0]LogTemp: Display: Module 'LinuxTargetPlatform' loaded TargetPlatform 'Linux'
[2019.09.02-05.20.08:897][  0]LogTemp: Display: Module 'LuminTargetPlatform' loaded TargetPlatform 'Lumin'
[2019.09.02-05.20.08:897][  0]LogTemp: Display: Module 'LuminTargetPlatform' loaded TargetPlatform 'LuminClient'
[2019.09.02-05.20.08:897][  0]LogTargetPlatformManager: Display: Building Assets For Windows
[2019.09.02-05.20.08:906][  0]LogAudioDebug: Display: Lib vorbis DLL was dynamically loaded.
[2019.09.02-05.20.08:968][  0]LogShaderCompilers: Guid format shader working directory is -21 characters bigger than the processId version (../../../../../../Users/403/Desktop/UnrealProject/SideScrollGame/Intermediate/Shaders/WorkingDirectory/17140/).
[2019.09.02-05.20.08:968][  0]LogShaderCompilers: Cleaned the shader compiler working directory 'C:/Users/403/AppData/Local/Temp/UnrealShaderWorkingDir/1050DAFD4B5E4602713FA8BEE38AF3D0/'.
[2019.09.02-05.20.08:971][  0]LogXGEController: Cannot use XGE Controller as Incredibuild is not installed on this machine.
[2019.09.02-05.20.08:971][  0]LogShaderCompilers: Cannot use XGE Shader Compiler as Incredibuild is not installed on this machine.
[2019.09.02-05.20.08:971][  0]LogShaderCompilers: Display: Using Local Shader Compiler.
[2019.09.02-05.20.09:550][  0]LogDerivedDataCache: Display: Max Cache Size: 512 MB
[2019.09.02-05.20.09:596][  0]LogDerivedDataCache: Loaded boot cache 0.05s 71MB C:/Users/403/AppData/Local/UnrealEngine/4.22/DerivedDataCache/Boot.ddc.
[2019.09.02-05.20.09:596][  0]LogDerivedDataCache: Display: Loaded Boot cache: C:/Users/403/AppData/Local/UnrealEngine/4.22/DerivedDataCache/Boot.ddc
[2019.09.02-05.20.09:596][  0]LogDerivedDataCache: FDerivedDataBackendGraph:  Pak pak cache file ../../../../../../Users/403/Desktop/UnrealProject/SideScrollGame/DerivedDataCache/DDC.ddp not found, will not use a pak cache.
[2019.09.02-05.20.09:596][  0]LogDerivedDataCache: Unable to find inner node Pak for hierarchical cache Hierarchy.
[2019.09.02-05.20.09:596][  0]LogDerivedDataCache: FDerivedDataBackendGraph:  CompressedPak pak cache file ../../../../../../Users/403/Desktop/UnrealProject/SideScrollGame/DerivedDataCache/Compressed.ddp not found, will not use a pak cache.
[2019.09.02-05.20.09:596][  0]LogDerivedDataCache: Unable to find inner node CompressedPak for hierarchical cache Hierarchy.
[2019.09.02-05.20.09:608][  0]LogDerivedDataCache: Display: Pak cache opened for reading ../../../Engine/DerivedDataCache/Compressed.ddp.
[2019.09.02-05.20.09:608][  0]LogDerivedDataCache: FDerivedDataBackendGraph:  EnterprisePak pak cache file ../../../Enterprise/DerivedDataCache/Compressed.ddp not found, will not use a pak cache.
[2019.09.02-05.20.09:608][  0]LogDerivedDataCache: Unable to find inner node EnterprisePak for hierarchical cache Hierarchy.
[2019.09.02-05.20.09:621][  0]LogDerivedDataCache: Using Local data cache path C:/Users/403/AppData/Local/UnrealEngine/Common/DerivedDataCache: Writable
[2019.09.02-05.20.09:621][  0]LogDerivedDataCache: Shared data cache path not found in *engine.ini, will not use an Shared cache.
[2019.09.02-05.20.09:621][  0]LogDerivedDataCache: Unable to find inner node Shared for hierarchical cache Hierarchy.
[2019.09.02-05.20.09:641][  0]LogMaterial: Verifying Global Shaders for PCD3D_SM5
[2019.09.02-05.20.09:642][  0]LogSlate: Using FreeType 2.6.0
[2019.09.02-05.20.09:643][  0]LogSlate: SlateFontServices - WITH_FREETYPE: 1, WITH_HARFBUZZ: 1
[2019.09.02-05.20.09:738][  0]LogAssetRegistry: FAssetRegistry took 0.0333 seconds to start up
[2019.09.02-05.20.10:092][  0]LogInit: Selected Device Profile: [Windows]
[2019.09.02-05.20.10:230][  0]LogMeshReduction: Using QuadricMeshReduction for automatic static mesh reduction
[2019.09.02-05.20.10:230][  0]LogMeshReduction: Using SimplygonMeshReduction for automatic skeletal mesh reduction
[2019.09.02-05.20.10:230][  0]LogMeshReduction: Using ProxyLODMeshReduction for automatic mesh merging
[2019.09.02-05.20.10:230][  0]LogMeshReduction: No distributed automatic mesh merging module available
[2019.09.02-05.20.10:230][  0]LogMeshMerging: No distributed automatic mesh merging module available
[2019.09.02-05.20.10:239][  0]LogNetVersion: SideScrollGame 1.0.0, NetCL: 5660361, EngineNetVer: 10, GameNetVer: 0 (Checksum: 2124622954)
[2019.09.02-05.20.10:645][  0]LogPackageLocalizationCache: Processed 10 localized package path(s) for 1 prioritized culture(s) in 0.051775 seconds
[2019.09.02-05.20.10:653][  0]LogUObjectArray: 42205 objects as part of root set at end of initial load.
[2019.09.02-05.20.10:653][  0]LogUObjectAllocator: 7325032 out of 0 bytes used by permanent object pool.
[2019.09.02-05.20.10:653][  0]LogUObjectArray: CloseDisregardForGC: 0/0 objects in disregard for GC pool
[2019.09.02-05.20.11:688][  0]LogTcpMessaging: Initializing TcpMessaging bridge
[2019.09.02-05.20.11:702][  0]LogUdpMessaging: Initializing bridge on interface 0.0.0.0:0 to multicast group 230.0.0.1:6666.
[2019.09.02-05.20.11:826][  0]SourceControl: Source control is disabled
[2019.09.02-05.20.11:826][  0]SourceControl: Source control is disabled
[2019.09.02-05.20.11:827][  0]SourceControl: Source control is disabled
[2019.09.02-05.20.11:828][  0]SourceControl: Source control is disabled
[2019.09.02-05.20.11:914][  0]LogAndroidPermission: UAndroidPermissionCallbackProxy::GetInstance
[2019.09.02-05.20.12:607][  0]LogOcInput: OculusInput pre-init called
[2019.09.02-05.20.13:356][  0]LogEngine: Initializing Engine...
[2019.09.02-05.20.13:357][  0]LogHMD: Failed to initialize OpenVR with code 110
[2019.09.02-05.20.13:358][  0]LogStats: UGameplayTagsManager::InitializeManager -  0.000 s
[2019.09.02-05.20.13:560][  0]LogInit: Initializing FReadOnlyCVARCache
[2019.09.02-05.20.13:574][  0]LogAIModule: Creating AISystem for world Untitled
[2019.09.02-05.20.14:060][  0]LogInit: XAudio2 using '스피커(3- USB Audio Device)' : 2 channels at 48 kHz using 16 bits per sample (channel mask 0x3)
[2019.09.02-05.20.14:160][  0]LogInit: FAudioDevice initialized.
[2019.09.02-05.20.14:160][  0]LogNetVersion: Set ProjectVersion to 1.0.0.0. Version Checksum will be recalculated on next use.
[2019.09.02-05.20.14:370][  0]LogDerivedDataCache: Saved boot cache 0.21s 71MB C:/Users/403/AppData/Local/UnrealEngine/4.22/DerivedDataCache/Boot.ddc.
[2019.09.02-05.20.14:383][  0]LogInit: Texture streaming: Enabled
[2019.09.02-05.20.14:406][  0]LogEngineSessionManager: EngineSessionManager initialized
[2019.09.02-05.20.14:431][  0]LogInit: Transaction tracking system initialized
[2019.09.02-05.20.14:458][  0]BlueprintLog: New page: Editor Load
[2019.09.02-05.20.14:562][  0]LocalizationService: Localization service is disabled
[2019.09.02-05.20.14:886][  0]LogFileCache: Scanning file cache for directory 'C:/Users/403/Desktop/UnrealProject/SideScrollGame/Content/' took 0.01s
[2019.09.02-05.20.14:886][  0]LogCook: Display: Max memory allowance for cook 16384mb min free memory 0mb
[2019.09.02-05.20.14:886][  0]LogCook: Display: Mobile HDR setting 1
[2019.09.02-05.20.15:083][  0]SourceControl: Source control is disabled
[2019.09.02-05.20.15:083][  0]Cmd: MAP LOAD FILE="../../../../../../Users/403/Desktop/UnrealProject/SideScrollGame/Content/StarterContent/Maps/Minimal_Default.umap" TEMPLATE=0 SHOWPROGRESS=1 FEATURELEVEL=3
[2019.09.02-05.20.15:084][  0]LightingResults: New page: Lighting Build
[2019.09.02-05.20.15:086][  0]MapCheck: New page: Map Check
[2019.09.02-05.20.15:086][  0]LightingResults: New page: Lighting Build
[2019.09.02-05.20.15:108][  0]LogUObjectHash: Compacting FUObjectHashTables data took   1.55ms
[2019.09.02-05.20.15:476][  0]LogAIModule: Creating AISystem for world Minimal_Default
[2019.09.02-05.20.15:484][  0]LogEditorServer: Finished looking for orphan Actors (0.000 secs)
[2019.09.02-05.20.15:506][  0]LogUObjectHash: Compacting FUObjectHashTables data took   1.80ms
[2019.09.02-05.20.15:506][  0]Cmd: MAP CHECKDEP NOCLEARLOG
[2019.09.02-05.20.15:506][  0]MapCheck: Map check complete: 0 Error(s), 0 Warning(s), took 0.157ms to complete.
[2019.09.02-05.20.15:506][  0]LogFileHelpers: Loading map 'Minimal_Default' took 0.423
[2019.09.02-05.20.15:718][  0]LogSlate: Updating window title bar state: overlay mode, drag disabled, window buttons hidden, title bar hidden
[2019.09.02-05.20.15:725][  0]LogSlate: Updating window title bar state: overlay mode, drag disabled, window buttons hidden, title bar hidden
[2019.09.02-05.20.15:733][  0]LogSlate: Updating window title bar state: overlay mode, drag disabled, window buttons hidden, title bar hidden
[2019.09.02-05.20.15:741][  0]LogSlate: Updating window title bar state: overlay mode, drag disabled, window buttons hidden, title bar hidden
[2019.09.02-05.20.15:767][  0]LogCollectionManager: Loaded 0 collections in 0.001771 seconds
[2019.09.02-05.20.15:795][  0]LogFileCache: Scanning file cache for directory 'C:/Users/403/Desktop/UnrealProject/SideScrollGame/Saved/Collections/' took 0.01s
[2019.09.02-05.20.15:795][  0]LogFileCache: Scanning file cache for directory 'C:/Users/403/Desktop/UnrealProject/SideScrollGame/Content/Developers/403/Collections/' took 0.01s
[2019.09.02-05.20.15:795][  0]LogFileCache: Scanning file cache for directory 'C:/Users/403/Desktop/UnrealProject/SideScrollGame/Content/Collections/' took 0.00s
[2019.09.02-05.20.15:795][  0]LogCollectionManager: Rebuilt the GUID cache for 0 collections in 0.000000 seconds
[2019.09.02-05.20.15:806][  0]LogContentBrowser: Native class hierarchy populated in 0.0105 seconds. Added 2732 classes and 659 folders.
[2019.09.02-05.20.15:814][  0]LogContentBrowser: Native class hierarchy updated for 'WidgetCarousel' in 0.0004 seconds. Added 0 classes and 0 folders.
[2019.09.02-05.20.15:816][  0]LogPakFile: Registered encryption key '00000000000000000000000000000000': 0 pak files mounted, 0 remain pending
[2019.09.02-05.20.15:817][  0]LogPakFile: Registered encryption key '00000000000000000000000000000000': 0 pak files mounted, 0 remain pending
[2019.09.02-05.20.15:818][  0]LogPakFile: Registered encryption key '00000000000000000000000000000000': 0 pak files mounted, 0 remain pending
[2019.09.02-05.20.15:818][  0]LogPakFile: Registered encryption key '00000000000000000000000000000000': 0 pak files mounted, 0 remain pending
[2019.09.02-05.20.15:819][  0]LogPakFile: Registered encryption key '00000000000000000000000000000000': 0 pak files mounted, 0 remain pending
[2019.09.02-05.20.15:819][  0]LogPakFile: Registered encryption key '00000000000000000000000000000000': 0 pak files mounted, 0 remain pending
[2019.09.02-05.20.15:819][  0]LogPakFile: Registered encryption key '00000000000000000000000000000000': 0 pak files mounted, 0 remain pending
[2019.09.02-05.20.15:819][  0]LogPakFile: Registered encryption key '00000000000000000000000000000000': 0 pak files mounted, 0 remain pending
[2019.09.02-05.20.15:820][  0]LogPakFile: Registered encryption key '00000000000000000000000000000000': 0 pak files mounted, 0 remain pending
[2019.09.02-05.20.15:820][  0]LogPakFile: Registered encryption key '00000000000000000000000000000000': 0 pak files mounted, 0 remain pending
[2019.09.02-05.20.15:821][  0]LogPakFile: Registered encryption key '00000000000000000000000000000000': 0 pak files mounted, 0 remain pending
[2019.09.02-05.20.15:822][  0]LogPakFile: Registered encryption key '00000000000000000000000000000000': 0 pak files mounted, 0 remain pending
[2019.09.02-05.20.15:822][  0]LogPakFile: Registered encryption key '00000000000000000000000000000000': 0 pak files mounted, 0 remain pending
[2019.09.02-05.20.15:823][  0]LogPakFile: Registered encryption key '00000000000000000000000000000000': 0 pak files mounted, 0 remain pending
[2019.09.02-05.20.15:824][  0]LogPakFile: Registered encryption key '00000000000000000000000000000000': 0 pak files mounted, 0 remain pending
[2019.09.02-05.20.15:824][  0]LogPakFile: Registered encryption key '00000000000000000000000000000000': 0 pak files mounted, 0 remain pending
[2019.09.02-05.20.15:825][  0]LogPakFile: Registered encryption key '00000000000000000000000000000000': 0 pak files mounted, 0 remain pending
[2019.09.02-05.20.15:826][  0]LogPakFile: Registered encryption key '00000000000000000000000000000000': 0 pak files mounted, 0 remain pending
[2019.09.02-05.20.15:826][  0]LogPakFile: Registered encryption key '00000000000000000000000000000000': 0 pak files mounted, 0 remain pending
[2019.09.02-05.20.15:827][  0]LogPakFile: Registered encryption key '00000000000000000000000000000000': 0 pak files mounted, 0 remain pending
[2019.09.02-05.20.15:827][  0]LogPakFile: Registered encryption key '00000000000000000000000000000000': 0 pak files mounted, 0 remain pending
[2019.09.02-05.20.15:828][  0]LogPakFile: Registered encryption key '00000000000000000000000000000000': 0 pak files mounted, 0 remain pending
[2019.09.02-05.20.15:828][  0]LogPakFile: Registered encryption key '00000000000000000000000000000000': 0 pak files mounted, 0 remain pending
[2019.09.02-05.20.15:829][  0]LogPakFile: Registered encryption key '00000000000000000000000000000000': 0 pak files mounted, 0 remain pending
[2019.09.02-05.20.15:829][  0]LogPakFile: Registered encryption key '00000000000000000000000000000000': 0 pak files mounted, 0 remain pending
[2019.09.02-05.20.15:830][  0]LogPakFile: Registered encryption key '00000000000000000000000000000000': 0 pak files mounted, 0 remain pending
[2019.09.02-05.20.16:452][  0]LogContentBrowser: Native class hierarchy updated for 'AddContentDialog' in 0.0003 seconds. Added 0 classes and 0 folders.
[2019.09.02-05.20.16:458][  0]LogContentBrowser: Native class hierarchy updated for 'SceneOutliner' in 0.0003 seconds. Added 1 classes and 2 folders.
[2019.09.02-05.20.16:481][  0]LogSlate: Took 0.000406 seconds to synchronously load lazily loaded font '../../../Engine/Content/Slate/Fonts/Roboto-Regular.ttf' (155K)
[2019.09.02-05.20.16:484][  0]LogSlate: Took 0.000298 seconds to synchronously load lazily loaded font '../../../Engine/Content/Slate/Fonts/Roboto-Bold.ttf' (160K)
[2019.09.02-05.20.16:490][  0]LogSlate: Took 0.000296 seconds to synchronously load lazily loaded font '../../../Engine/Content/Editor/Slate/Fonts/FontAwesome.ttf' (139K)
[2019.09.02-05.20.16:713][  0]LogRenderer: Reallocating scene render targets to support 1208x572 Format 10 NumSamples 1 (Frame:1).
[2019.09.02-05.20.16:819][  0]LogContentBrowser: Native class hierarchy updated for 'HierarchicalLODOutliner' in 0.0003 seconds. Added 0 classes and 0 folders.
[2019.09.02-05.20.16:819][  0]LogLoad: (Engine Initialization) Total time: 11.55 seconds
[2019.09.02-05.20.16:819][  0]LogLoad: (Engine Initialization) Total Blueprint compile time: 0.00 seconds
[2019.09.02-05.20.16:856][  0]LogAssetRegistry: Asset discovery search completed in 7.1405 seconds
[2019.09.02-05.20.16:858][  0]LogCollectionManager: Rebuilt the object cache for 0 collections in 0.000000 seconds (found 0 objects)
[2019.09.02-05.20.16:858][  0]LogCollectionManager: Fixed up redirectors for 0 collections in 0.000034 seconds (updated 0 objects)
[2019.09.02-05.20.16:859][  0]LogContentStreaming: Texture pool size now 1000 MB
[2019.09.02-05.20.16:890][  0]LogSlate: Took 0.000234 seconds to synchronously load lazily loaded font '../../../Engine/Content/Slate/Fonts/Roboto-Light.ttf' (167K)
[2019.09.02-05.20.17:843][108]LogSlate: Took 0.000198 seconds to synchronously load lazily loaded font '../../../Engine/Content/Slate/Fonts/Roboto-Light.ttf' (167K)
[2019.09.02-05.21.28:516][646]LogSlate: FSceneViewport::OnFocusLost() reason 0
[2019.09.02-05.21.30:792][909]LogAIModule: Creating AISystem for world MoveCubeActor
[2019.09.02-05.21.30:797][909]LogAssetEditorManager: Opening Asset editor for World /Game/Maps/MoveCubeActor.MoveCubeActor
[2019.09.02-05.21.30:820][909]LogUObjectHash: Compacting FUObjectHashTables data took   1.78ms
[2019.09.02-05.21.30:821][909]Cmd: MAP LOAD FILE="../../../../../../Users/403/Desktop/UnrealProject/SideScrollGame/Content/Maps/MoveCubeActor.umap" TEMPLATE=0 SHOWPROGRESS=1 FEATURELEVEL=3
[2019.09.02-05.21.30:821][909]LightingResults: New page: Lighting Build
[2019.09.02-05.21.30:821][909]LoadErrors: New page: Loading map: MoveCubeActor.umap
[2019.09.02-05.21.30:822][909]MapCheck: New page: Map Check
[2019.09.02-05.21.30:822][909]LightingResults: New page: Lighting Build
[2019.09.02-05.21.30:844][909]LogUObjectHash: Compacting FUObjectHashTables data took   1.58ms
[2019.09.02-05.21.30:848][909]LogEditorServer: Finished looking for orphan Actors (0.000 secs)
[2019.09.02-05.21.30:871][909]LogUObjectHash: Compacting FUObjectHashTables data took   1.45ms
[2019.09.02-05.21.30:892][909]Cmd: MAP CHECKDEP NOCLEARLOG
[2019.09.02-05.21.30:892][909]MapCheck: Map check complete: 0 Error(s), 0 Warning(s), took 0.151ms to complete.
[2019.09.02-05.21.30:892][909]LogFileHelpers: Loading map 'MoveCubeActor' took 0.072
[2019.09.02-05.21.38:587][798]LogSlate: FSceneViewport::OnFocusLost() reason 0
[2019.09.02-05.21.39:664][915]LogAssetEditorManager: Opening Asset editor for Blueprint /Game/BluePrints/MoveCharBP.MoveCharBP
[2019.09.02-05.21.39:933][915]LogContentBrowser: Native class hierarchy updated for 'BlueprintGraph' in 0.0006 seconds. Added 121 classes and 0 folders.
[2019.09.02-05.21.40:790][915]LogSlate: Took 0.000335 seconds to synchronously load lazily loaded font '../../../Engine/Content/Slate/Fonts/Roboto-BoldCondensed.ttf' (158K)
[2019.09.02-05.21.40:931][916]LogSlate: Took 0.027979 seconds to synchronously load lazily loaded font '../../../Engine/Content/Slate/Fonts/DroidSansFallback.ttf' (3848K)
[2019.09.02-05.21.40:933][916]LogSlate: Took 0.000546 seconds to synchronously load lazily loaded font '../../../Engine/Content/Slate/Fonts/Roboto-Italic.ttf' (157K)
[2019.09.02-05.21.42:289][ 24]LogRenderer: Reallocating scene render targets to support 1208x900 Format 10 NumSamples 1 (Frame:1).
[2019.09.02-05.21.50:421][721]LogSlate: FSceneViewport::OnFocusLost() reason 0
[2019.09.02-05.21.58:549][487]LogSlate: Window 'MoveCharBP' being destroyed
[2019.09.02-05.34.10:830][148]LogEditorViewport: Clicking on Actor (LMB): MoveCharBP_C (MoveCharBP)
[2019.09.02-05.34.16:406][714]LogSlate: FSceneViewport::OnFocusLost() reason 0
[2019.09.02-05.34.33:538][538]LogTemp: Repeating last play command: Selected Viewport
[2019.09.02-05.34.33:554][538]LogBlueprintUserMessages: Early PlayInEditor Detection: Level '/Game/Maps/MoveCubeActor.MoveCubeActor:PersistentLevel' has LevelScriptBlueprint '/Game/Maps/MoveCubeActor.MoveCubeActor:PersistentLevel.MoveCubeActor' with GeneratedClass '/Game/Maps/MoveCubeActor.MoveCubeActor_C' with ClassGeneratedBy '/Game/Maps/MoveCubeActor.MoveCubeActor:PersistentLevel.MoveCubeActor'
[2019.09.02-05.34.33:554][538]LogPlayLevel: PlayLevel: No blueprints needed recompiling
[2019.09.02-05.34.33:554][538]PIE: New page: PIE session: MoveCubeActor (2019. 9. 2. 오후 11:34:33)
[2019.09.02-05.34.33:567][538]LogPlayLevel: Creating play world package: /Game/Maps/UEDPIE_0_MoveCubeActor
[2019.09.02-05.34.33:571][538]LogPlayLevel: PIE: StaticDuplicateObject took: (0.003750s)
[2019.09.02-05.34.33:572][538]LogAIModule: Creating AISystem for world MoveCubeActor
[2019.09.02-05.34.33:572][538]LogPlayLevel: PIE: World Init took: (0.000823s)
[2019.09.02-05.34.33:572][538]LogPlayLevel: PIE: Created PIE world by copying editor world from /Game/Maps/MoveCubeActor.MoveCubeActor to /Game/Maps/UEDPIE_0_MoveCubeActor.MoveCubeActor (0.004859s)
[2019.09.02-05.34.33:611][538]LogUObjectHash: Compacting FUObjectHashTables data took   3.30ms
[2019.09.02-05.34.34:062][538]LogInit: XAudio2 using '스피커(3- USB Audio Device)' : 2 channels at 48 kHz using 16 bits per sample (channel mask 0x3)
[2019.09.02-05.34.34:127][538]LogInit: FAudioDevice initialized.
[2019.09.02-05.34.34:173][538]LogLoad: Game class is 'GameModeBase'
[2019.09.02-05.34.34:174][538]LogWorld: Bringing World /Game/Maps/UEDPIE_0_MoveCubeActor.MoveCubeActor up for play (max tick rate 0) at 2019.09.02-14.34.34
[2019.09.02-05.34.34:174][538]LogWorld: Bringing up level for play took: 0.000691
[2019.09.02-05.34.34:189][538]LogBlueprintActionDatabase: Requesting refresh due to module change: Voice (loaded)
[2019.09.02-05.34.34:192][538]LogBlueprintActionDatabase: Requesting refresh due to module change: MovieSceneCapture (loaded)
[2019.09.02-05.34.34:192][538]LogContentBrowser: Native class hierarchy updated for 'MovieSceneCapture' in 0.0005 seconds. Added 20 classes and 0 folders.
[2019.09.02-05.34.34:193][538]PIE: Play in editor start time for /Game/Maps/UEDPIE_0_MoveCubeActor 0.503
[2019.09.02-05.34.34:193][538]LogBlueprintUserMessages: Late PlayInEditor Detection: Level '/Game/Maps/MoveCubeActor.MoveCubeActor:PersistentLevel' has LevelScriptBlueprint '/Game/Maps/MoveCubeActor.MoveCubeActor:PersistentLevel.MoveCubeActor' with GeneratedClass '/Game/Maps/MoveCubeActor.MoveCubeActor_C' with ClassGeneratedBy '/Game/Maps/MoveCubeActor.MoveCubeActor:PersistentLevel.MoveCubeActor'
[2019.09.02-05.34.47:717][ 88]LogBlueprintUserMessages: Early EndPlayMap Detection: Level '/Game/Maps/MoveCubeActor.MoveCubeActor:PersistentLevel' has LevelScriptBlueprint '/Game/Maps/MoveCubeActor.MoveCubeActor:PersistentLevel.MoveCubeActor' with GeneratedClass '/Game/Maps/MoveCubeActor.MoveCubeActor_C' with ClassGeneratedBy '/Game/Maps/MoveCubeActor.MoveCubeActor:PersistentLevel.MoveCubeActor'
[2019.09.02-05.34.47:717][ 88]LogSlate: Updating window title bar state: overlay mode, drag disabled, window buttons hidden, title bar hidden
[2019.09.02-05.34.47:750][ 88]LogPlayLevel: Display: Shutting down PIE online subsystems
[2019.09.02-05.34.47:751][ 88]LogBlueprintUserMessages: Late EndPlayMap Detection: Level '/Game/Maps/MoveCubeActor.MoveCubeActor:PersistentLevel' has LevelScriptBlueprint '/Game/Maps/MoveCubeActor.MoveCubeActor:PersistentLevel.MoveCubeActor' with GeneratedClass '/Game/Maps/MoveCubeActor.MoveCubeActor_C' with ClassGeneratedBy '/Game/Maps/MoveCubeActor.MoveCubeActor:PersistentLevel.MoveCubeActor'
[2019.09.02-05.34.47:796][ 88]LogSlate: Updating window title bar state: overlay mode, drag disabled, window buttons hidden, title bar hidden
[2019.09.02-05.34.47:820][ 88]LogUObjectHash: Compacting FUObjectHashTables data took   5.85ms
[2019.09.02-05.34.47:840][ 89]LogPlayLevel: Display: Destroying online subsystem :Context_3
[2019.09.02-05.34.53:590][555]LogEditorViewport: Clicking on Actor (LMB): BP_Sky_Sphere_C (Sky Sphere)
[2019.09.02-05.35.17:919][386]LogSlate: FSceneViewport::OnFocusLost() reason 2
[2019.09.02-05.35.17:966][386]LogUObjectHash: Compacting FUObjectHashTables data took   2.36ms
[2019.09.02-05.35.18:168][386]LogSavePackage: Moving '../../../../../../Users/403/Desktop/UnrealProject/SideScrollGame/Saved/MoveCubeActor_Auto17F4EDE2043235A883C5D0EAB30C8D2CB.tmp' to '../../../../../../Users/403/Desktop/UnrealProject/SideScrollGame/Saved/Autosaves/Game/Maps/MoveCubeActor_Auto1.umap'
[2019.09.02-05.35.18:172][386]LogFileHelpers: Editor autosave (incl. sublevels) for '/Game/Maps/MoveCubeActor' took 0.238
[2019.09.02-05.35.18:172][386]LogFileHelpers: Editor autosave (incl. sublevels) for all levels took 0.238
[2019.09.02-07.31.07:855][997]LogSlate: FSceneViewport::OnFocusLost() reason 0
[2019.09.02-07.52.50:911][343]LogAssetEditorManager: Opening Asset editor for Blueprint /Game/BluePrints/MoveCubeBP.MoveCubeBP
[2019.09.02-07.53.19:181][755]LogEditorViewport: Clicking on Actor (LMB): MoveCharBP_C (MoveCharBP)
[2019.09.02-07.53.23:403][200]LogSlate: FSceneViewport::OnFocusLost() reason 0
[2019.09.02-07.53.34:864][328]LogTemp: Repeating last play command: Selected Viewport
[2019.09.02-07.53.34:888][328]LogBlueprintUserMessages: Early PlayInEditor Detection: Level '/Game/Maps/MoveCubeActor.MoveCubeActor:PersistentLevel' has LevelScriptBlueprint '/Game/Maps/MoveCubeActor.MoveCubeActor:PersistentLevel.MoveCubeActor' with GeneratedClass '/Game/Maps/MoveCubeActor.MoveCubeActor_C' with ClassGeneratedBy '/Game/Maps/MoveCubeActor.MoveCubeActor:PersistentLevel.MoveCubeActor'
[2019.09.02-07.53.34:888][328]LogPlayLevel: PlayLevel: No blueprints needed recompiling
[2019.09.02-07.53.34:888][328]PIE: New page: PIE session: MoveCubeActor (2019. 9. 3. 오전 1:53:34)
[2019.09.02-07.53.34:888][328]LogPlayLevel: Creating play world package: /Game/Maps/UEDPIE_0_MoveCubeActor
[2019.09.02-07.53.34:892][328]LogPlayLevel: PIE: StaticDuplicateObject took: (0.003546s)
[2019.09.02-07.53.34:892][328]LogAIModule: Creating AISystem for world MoveCubeActor
[2019.09.02-07.53.34:893][328]LogPlayLevel: PIE: World Init took: (0.000913s)
[2019.09.02-07.53.34:893][328]LogPlayLevel: PIE: Created PIE world by copying editor world from /Game/Maps/MoveCubeActor.MoveCubeActor to /Game/Maps/UEDPIE_0_MoveCubeActor.MoveCubeActor (0.004599s)
[2019.09.02-07.53.34:983][328]LogUObjectHash: Compacting FUObjectHashTables data took   4.79ms
[2019.09.02-07.53.35:393][328]LogInit: XAudio2 using '스피커(3- USB Audio Device)' : 2 channels at 48 kHz using 16 bits per sample (channel mask 0x3)
[2019.09.02-07.53.35:453][328]LogInit: FAudioDevice initialized.
[2019.09.02-07.53.35:490][328]LogLoad: Game class is 'GameModeBase'
[2019.09.02-07.53.35:491][328]LogWorld: Bringing World /Game/Maps/UEDPIE_0_MoveCubeActor.MoveCubeActor up for play (max tick rate 0) at 2019.09.02-16.53.35
[2019.09.02-07.53.35:491][328]LogWorld: Bringing up level for play took: 0.000810
[2019.09.02-07.53.35:514][328]PIE: Play in editor start time for /Game/Maps/UEDPIE_0_MoveCubeActor -0.177
[2019.09.02-07.53.35:514][328]LogBlueprintUserMessages: Late PlayInEditor Detection: Level '/Game/Maps/MoveCubeActor.MoveCubeActor:PersistentLevel' has LevelScriptBlueprint '/Game/Maps/MoveCubeActor.MoveCubeActor:PersistentLevel.MoveCubeActor' with GeneratedClass '/Game/Maps/MoveCubeActor.MoveCubeActor_C' with ClassGeneratedBy '/Game/Maps/MoveCubeActor.MoveCubeActor:PersistentLevel.MoveCubeActor'
[2019.09.02-07.53.46:131][579]LogBlueprintUserMessages: Early EndPlayMap Detection: Level '/Game/Maps/MoveCubeActor.MoveCubeActor:PersistentLevel' has LevelScriptBlueprint '/Game/Maps/MoveCubeActor.MoveCubeActor:PersistentLevel.MoveCubeActor' with GeneratedClass '/Game/Maps/MoveCubeActor.MoveCubeActor_C' with ClassGeneratedBy '/Game/Maps/MoveCubeActor.MoveCubeActor:PersistentLevel.MoveCubeActor'
[2019.09.02-07.53.46:131][579]LogSlate: Updating window title bar state: overlay mode, drag disabled, window buttons hidden, title bar hidden
[2019.09.02-07.53.46:163][579]LogPlayLevel: Display: Shutting down PIE online subsystems
[2019.09.02-07.53.46:163][579]LogBlueprintUserMessages: Late EndPlayMap Detection: Level '/Game/Maps/MoveCubeActor.MoveCubeActor:PersistentLevel' has LevelScriptBlueprint '/Game/Maps/MoveCubeActor.MoveCubeActor:PersistentLevel.MoveCubeActor' with GeneratedClass '/Game/Maps/MoveCubeActor.MoveCubeActor_C' with ClassGeneratedBy '/Game/Maps/MoveCubeActor.MoveCubeActor:PersistentLevel.MoveCubeActor'
[2019.09.02-07.53.46:200][579]LogSlate: Updating window title bar state: overlay mode, drag disabled, window buttons hidden, title bar hidden
[2019.09.02-07.53.46:205][579]LogUObjectHash: Compacting FUObjectHashTables data took   3.97ms
[2019.09.02-07.53.46:239][581]LogPlayLevel: Display: Destroying online subsystem :Context_6
[2019.09.02-07.53.47:350][709]LogSlate: FSceneViewport::OnFocusLost() reason 0
[2019.09.02-07.53.47:425][718]LogTemp: Repeating last play command: Selected Viewport
[2019.09.02-07.53.47:442][718]LogBlueprintUserMessages: Early PlayInEditor Detection: Level '/Game/Maps/MoveCubeActor.MoveCubeActor:PersistentLevel' has LevelScriptBlueprint '/Game/Maps/MoveCubeActor.MoveCubeActor:PersistentLevel.MoveCubeActor' with GeneratedClass '/Game/Maps/MoveCubeActor.MoveCubeActor_C' with ClassGeneratedBy '/Game/Maps/MoveCubeActor.MoveCubeActor:PersistentLevel.MoveCubeActor'
[2019.09.02-07.53.47:442][718]LogPlayLevel: PlayLevel: No blueprints needed recompiling
[2019.09.02-07.53.47:442][718]PIE: New page: PIE session: MoveCubeActor (2019. 9. 3. 오전 1:53:47)
[2019.09.02-07.53.47:442][718]LogPlayLevel: Creating play world package: /Game/Maps/UEDPIE_0_MoveCubeActor
[2019.09.02-07.53.47:445][718]LogPlayLevel: PIE: StaticDuplicateObject took: (0.002800s)
[2019.09.02-07.53.47:445][718]LogAIModule: Creating AISystem for world MoveCubeActor
[2019.09.02-07.53.47:462][718]LogPlayLevel: PIE: World Init took: (0.017475s)
[2019.09.02-07.53.47:462][718]LogPlayLevel: PIE: Created PIE world by copying editor world from /Game/Maps/MoveCubeActor.MoveCubeActor to /Game/Maps/UEDPIE_0_MoveCubeActor.MoveCubeActor (0.020428s)
[2019.09.02-07.53.47:496][718]LogUObjectHash: Compacting FUObjectHashTables data took   3.17ms
[2019.09.02-07.53.47:913][718]LogInit: XAudio2 using '스피커(3- USB Audio Device)' : 2 channels at 48 kHz using 16 bits per sample (channel mask 0x3)
[2019.09.02-07.53.47:971][718]LogInit: FAudioDevice initialized.
[2019.09.02-07.53.48:002][718]LogLoad: Game class is 'GameModeBase'
[2019.09.02-07.53.48:003][718]LogWorld: Bringing World /Game/Maps/UEDPIE_0_MoveCubeActor.MoveCubeActor up for play (max tick rate 0) at 2019.09.02-16.53.48
[2019.09.02-07.53.48:003][718]LogWorld: Bringing up level for play took: 0.000656
[2019.09.02-07.53.48:016][718]PIE: Play in editor start time for /Game/Maps/UEDPIE_0_MoveCubeActor 0.326
[2019.09.02-07.53.48:016][718]LogBlueprintUserMessages: Late PlayInEditor Detection: Level '/Game/Maps/MoveCubeActor.MoveCubeActor:PersistentLevel' has LevelScriptBlueprint '/Game/Maps/MoveCubeActor.MoveCubeActor:PersistentLevel.MoveCubeActor' with GeneratedClass '/Game/Maps/MoveCubeActor.MoveCubeActor_C' with ClassGeneratedBy '/Game/Maps/MoveCubeActor.MoveCubeActor:PersistentLevel.MoveCubeActor'
[2019.09.02-07.54.10:747][419]LogBlueprintUserMessages: Early EndPlayMap Detection: Level '/Game/Maps/MoveCubeActor.MoveCubeActor:PersistentLevel' has LevelScriptBlueprint '/Game/Maps/MoveCubeActor.MoveCubeActor:PersistentLevel.MoveCubeActor' with GeneratedClass '/Game/Maps/MoveCubeActor.MoveCubeActor_C' with ClassGeneratedBy '/Game/Maps/MoveCubeActor.MoveCubeActor:PersistentLevel.MoveCubeActor'
[2019.09.02-07.54.10:748][419]LogSlate: Updating window title bar state: overlay mode, drag disabled, window buttons hidden, title bar hidden
[2019.09.02-07.54.10:778][419]LogPlayLevel: Display: Shutting down PIE online subsystems
[2019.09.02-07.54.10:778][419]LogBlueprintUserMessages: Late EndPlayMap Detection: Level '/Game/Maps/MoveCubeActor.MoveCubeActor:PersistentLevel' has LevelScriptBlueprint '/Game/Maps/MoveCubeActor.MoveCubeActor:PersistentLevel.MoveCubeActor' with GeneratedClass '/Game/Maps/MoveCubeActor.MoveCubeActor_C' with ClassGeneratedBy '/Game/Maps/MoveCubeActor.MoveCubeActor:PersistentLevel.MoveCubeActor'
[2019.09.02-07.54.10:816][419]LogSlate: Updating window title bar state: overlay mode, drag disabled, window buttons hidden, title bar hidden
[2019.09.02-07.54.10:821][419]LogUObjectHash: Compacting FUObjectHashTables data took   2.35ms
[2019.09.02-07.54.10:852][421]LogPlayLevel: Display: Destroying online subsystem :Context_7
[2019.09.02-07.54.33:300][959]LogSlate: FSceneViewport::OnFocusLost() reason 0
[2019.09.02-07.54.57:592][648]LogUObjectHash: Compacting FUObjectHashTables data took   1.17ms
[2019.09.02-07.54.57:952][648]LogSavePackage: Moving '../../../../../../Users/403/Desktop/UnrealProject/SideScrollGame/Saved/MoveCubeActor_Auto27FE3C7BF46879410D2134F94E67E00C8.tmp' to '../../../../../../Users/403/Desktop/UnrealProject/SideScrollGame/Saved/Autosaves/Game/Maps/MoveCubeActor_Auto2.umap'
[2019.09.02-07.54.57:984][648]LogFileHelpers: Editor autosave (incl. sublevels) for '/Game/Maps/MoveCubeActor' took 0.427
[2019.09.02-07.54.57:984][648]LogFileHelpers: Editor autosave (incl. sublevels) for all levels took 0.427
[2019.09.02-08.05.40:005][753]LogEditorViewport: Clicking on Actor (LMB): MoveCharBP_C (MoveCharBP)
[2019.09.02-08.05.41:310][856]LogSlate: FSceneViewport::OnFocusLost() reason 0
[2019.09.02-08.05.51:624][865]LogActorComponent: UnregisterComponent: (/Engine/Transient.EditorFloorComp) Not registered. Aborting.
[2019.09.02-08.05.52:495][916]LogAssetEditorManager: Opening Asset editor for Blueprint /Game/BluePrints/MoveCharBP.MoveCharBP
[2019.09.02-08.05.57:626][274]LogSlate: FSceneViewport::OnFocusLost() reason 0
[2019.09.02-08.06.17:420][268]LogEditorViewport: Clicking on Actor (LMB): BP_Sky_Sphere_C (Sky Sphere)
[2019.09.02-08.06.18:406][361]LogSlate: FSceneViewport::OnFocusLost() reason 0
[2019.09.02-08.06.43:206][856]LogEditorViewport: Clicking on Actor (LMB): CameraActor (CameraActor)
[2019.09.02-08.06.44:645][ 16]LogSlate: FSceneViewport::OnFocusLost() reason 0
[2019.09.02-08.06.58:618][406]LogEditorViewport: Clicking on Actor (LMB): MoveCharBP_C (MoveCharBP)
[2019.09.02-08.07.00:025][538]LogSlate: FSceneViewport::OnFocusLost() reason 0
[2019.09.02-08.07.14:395][182]LogEditorViewport: Clicking on Actor (LMB): CameraActor (CameraActor)
[2019.09.02-08.07.17:978][570]LogSlate: FSceneViewport::OnFocusLost() reason 2
[2019.09.02-08.07.43:962][254]LogUObjectHash: Compacting FUObjectHashTables data took   6.17ms
[2019.09.02-08.07.44:175][254]LogSavePackage: Moving '../../../../../../Users/403/Desktop/UnrealProject/SideScrollGame/Saved/MoveCubeActor_Auto3143D1FB14474675A6D0F4CB35CCBCE0B.tmp' to '../../../../../../Users/403/Desktop/UnrealProject/SideScrollGame/Saved/Autosaves/Game/Maps/MoveCubeActor_Auto3.umap'
[2019.09.02-08.07.44:192][254]LogFileHelpers: Editor autosave (incl. sublevels) for '/Game/Maps/MoveCubeActor' took 0.368
[2019.09.02-08.07.44:192][254]LogFileHelpers: Editor autosave (incl. sublevels) for all levels took 0.368
[2019.09.02-08.07.44:194][254]OBJ SavePackage: Generating thumbnails for [1] asset(s) in package [/Game/BluePrints/MoveCharBP] ([1] browsable assets)...
[2019.09.02-08.07.44:235][254]OBJ SavePackage:     Rendered thumbnail for [Blueprint /Game/BluePrints/MoveCharBP.MoveCharBP]
[2019.09.02-08.07.44:235][254]OBJ SavePackage: Finished generating thumbnails for package [/Game/BluePrints/MoveCharBP]
[2019.09.02-08.07.44:333][254]LogSavePackage: Moving '../../../../../../Users/403/Desktop/UnrealProject/SideScrollGame/Saved/MoveCharBP_Auto3B1095B1F4BA929CDE4EF7985781F6982.tmp' to '../../../../../../Users/403/Desktop/UnrealProject/SideScrollGame/Saved/Autosaves/Game/BluePrints/MoveCharBP_Auto3.uasset'
[2019.09.02-08.07.44:334][254]LogFileHelpers: Auto-saving content packages took 0.140
[2019.09.02-08.09.24:699][384]LogSlate: Took 0.019175 seconds to synchronously load lazily loaded font '../../../Engine/Content/Slate/Fonts/Roboto-BoldCondensedItalic.ttf' (160K)
[2019.09.02-08.10.07:699][685]Cmd: OBJ SAVEPACKAGE PACKAGE="/Game/BluePrints/MoveCharBP" FILE="../../../../../../Users/403/Desktop/UnrealProject/SideScrollGame/Content/BluePrints/MoveCharBP.uasset" SILENT=true
[2019.09.02-08.10.07:730][685]LogSavePackage: Moving '../../../../../../Users/403/Desktop/UnrealProject/SideScrollGame/Saved/MoveCharBPCC84386441463756E5661099B252715C.tmp' to '../../../../../../Users/403/Desktop/UnrealProject/SideScrollGame/Content/BluePrints/MoveCharBP.uasset'
[2019.09.02-08.10.08:472][761]BlueprintLog: New page: Compile MoveCharBP
[2019.09.02-08.10.08:729][761]LogUObjectHash: Compacting FUObjectHashTables data took   5.19ms
[2019.09.02-08.10.26:077][848]LogConsoleManager: Warning: Console object named 'ActorComponents.Enable' already exists but is being registered again, but we weren't expected it to be! (FConsoleManager::AddConsoleObject)
[2019.09.02-08.12.09:384][780]Cmd: OBJ SAVEPACKAGE PACKAGE="/Game/BluePrints/MoveCharBP" FILE="../../../../../../Users/403/Desktop/UnrealProject/SideScrollGame/Content/BluePrints/MoveCharBP.uasset" SILENT=true
[2019.09.02-08.12.09:454][780]LogSavePackage: Moving '../../../../../../Users/403/Desktop/UnrealProject/SideScrollGame/Saved/MoveCharBPE343232540736DA0467EBE84F78A9C8C.tmp' to '../../../../../../Users/403/Desktop/UnrealProject/SideScrollGame/Content/BluePrints/MoveCharBP.uasset'
[2019.09.02-08.12.09:858][823]BlueprintLog: New page: Compile MoveCharBP
[2019.09.02-08.12.10:091][823]LogUObjectHash: Compacting FUObjectHashTables data took   4.68ms
[2019.09.02-08.12.11:725][984]LogTemp: Repeating last play command: Selected Viewport
[2019.09.02-08.12.11:762][984]LogBlueprintUserMessages: Early PlayInEditor Detection: Level '/Game/Maps/MoveCubeActor.MoveCubeActor:PersistentLevel' has LevelScriptBlueprint '/Game/Maps/MoveCubeActor.MoveCubeActor:PersistentLevel.MoveCubeActor' with GeneratedClass '/Game/Maps/MoveCubeActor.MoveCubeActor_C' with ClassGeneratedBy '/Game/Maps/MoveCubeActor.MoveCubeActor:PersistentLevel.MoveCubeActor'
[2019.09.02-08.12.11:762][984]LogPlayLevel: PlayLevel: No blueprints needed recompiling
[2019.09.02-08.12.11:762][984]PIE: New page: PIE session: MoveCubeActor (2019. 9. 3. 오전 2:12:11)
[2019.09.02-08.12.11:762][984]LogPlayLevel: Creating play world package: /Game/Maps/UEDPIE_0_MoveCubeActor
[2019.09.02-08.12.11:766][984]LogPlayLevel: PIE: StaticDuplicateObject took: (0.003405s)
[2019.09.02-08.12.11:766][984]LogAIModule: Creating AISystem for world MoveCubeActor
[2019.09.02-08.12.11:766][984]LogPlayLevel: PIE: World Init took: (0.000811s)
[2019.09.02-08.12.11:767][984]LogPlayLevel: PIE: Created PIE world by copying editor world from /Game/Maps/MoveCubeActor.MoveCubeActor to /Game/Maps/UEDPIE_0_MoveCubeActor.MoveCubeActor (0.004371s)
[2019.09.02-08.12.11:798][984]LogUObjectHash: Compacting FUObjectHashTables data took   2.69ms
[2019.09.02-08.12.12:206][984]LogInit: XAudio2 using '스피커(3- USB Audio Device)' : 2 channels at 48 kHz using 16 bits per sample (channel mask 0x3)
[2019.09.02-08.12.12:267][984]LogInit: FAudioDevice initialized.
[2019.09.02-08.12.12:295][984]LogLoad: Game class is 'GameModeBase'
[2019.09.02-08.12.12:296][984]LogWorld: Bringing World /Game/Maps/UEDPIE_0_MoveCubeActor.MoveCubeActor up for play (max tick rate 0) at 2019.09.02-17.12.12
[2019.09.02-08.12.12:296][984]LogWorld: Bringing up level for play took: 0.000974
[2019.09.02-08.12.12:335][984]PIE: Play in editor start time for /Game/Maps/UEDPIE_0_MoveCubeActor 0.645
[2019.09.02-08.12.12:335][984]LogBlueprintUserMessages: Late PlayInEditor Detection: Level '/Game/Maps/MoveCubeActor.MoveCubeActor:PersistentLevel' has LevelScriptBlueprint '/Game/Maps/MoveCubeActor.MoveCubeActor:PersistentLevel.MoveCubeActor' with GeneratedClass '/Game/Maps/MoveCubeActor.MoveCubeActor_C' with ClassGeneratedBy '/Game/Maps/MoveCubeActor.MoveCubeActor:PersistentLevel.MoveCubeActor'
[2019.09.02-08.12.24:762][453]LogBlueprintUserMessages: Early EndPlayMap Detection: Level '/Game/Maps/MoveCubeActor.MoveCubeActor:PersistentLevel' has LevelScriptBlueprint '/Game/Maps/MoveCubeActor.MoveCubeActor:PersistentLevel.MoveCubeActor' with GeneratedClass '/Game/Maps/MoveCubeActor.MoveCubeActor_C' with ClassGeneratedBy '/Game/Maps/MoveCubeActor.MoveCubeActor:PersistentLevel.MoveCubeActor'
[2019.09.02-08.12.24:762][453]LogSlate: Updating window title bar state: overlay mode, drag disabled, window buttons hidden, title bar hidden
[2019.09.02-08.12.24:796][453]LogPlayLevel: Display: Shutting down PIE online subsystems
[2019.09.02-08.12.24:797][453]LogBlueprintUserMessages: Late EndPlayMap Detection: Level '/Game/Maps/MoveCubeActor.MoveCubeActor:PersistentLevel' has LevelScriptBlueprint '/Game/Maps/MoveCubeActor.MoveCubeActor:PersistentLevel.MoveCubeActor' with GeneratedClass '/Game/Maps/MoveCubeActor.MoveCubeActor_C' with ClassGeneratedBy '/Game/Maps/MoveCubeActor.MoveCubeActor:PersistentLevel.MoveCubeActor'
[2019.09.02-08.12.24:829][453]LogSlate: Updating window title bar state: overlay mode, drag disabled, window buttons hidden, title bar hidden
[2019.09.02-08.12.24:834][453]LogUObjectHash: Compacting FUObjectHashTables data took   2.77ms
[2019.09.02-08.12.24:928][455]LogPlayLevel: Display: Destroying online subsystem :Context_9
[2019.09.02-08.17.57:574][497]LogUObjectHash: Compacting FUObjectHashTables data took   1.06ms
[2019.09.02-08.17.57:735][497]LogSavePackage: Moving '../../../../../../Users/403/Desktop/UnrealProject/SideScrollGame/Saved/MoveCubeActor_Auto451D642CD42D941F2D4DDA080FED3D4C7.tmp' to '../../../../../../Users/403/Desktop/UnrealProject/SideScrollGame/Saved/Autosaves/Game/Maps/MoveCubeActor_Auto4.umap'
[2019.09.02-08.17.57:738][497]LogFileHelpers: Editor autosave (incl. sublevels) for '/Game/Maps/MoveCubeActor' took 0.194
[2019.09.02-08.17.57:738][497]LogFileHelpers: Editor autosave (incl. sublevels) for all levels took 0.194
[2019.09.02-08.19.19:009][740]LogSlate: FSceneViewport::OnFocusLost() reason 0
[2019.09.02-08.19.19:153][740]LogTemp: Repeating last play command: Selected Viewport
[2019.09.02-08.19.19:173][740]LogBlueprintUserMessages: Early PlayInEditor Detection: Level '/Game/Maps/MoveCubeActor.MoveCubeActor:PersistentLevel' has LevelScriptBlueprint '/Game/Maps/MoveCubeActor.MoveCubeActor:PersistentLevel.MoveCubeActor' with GeneratedClass '/Game/Maps/MoveCubeActor.MoveCubeActor_C' with ClassGeneratedBy '/Game/Maps/MoveCubeActor.MoveCubeActor:PersistentLevel.MoveCubeActor'
[2019.09.02-08.19.19:173][740]LogPlayLevel: PlayLevel: No blueprints needed recompiling
[2019.09.02-08.19.19:173][740]PIE: New page: PIE session: MoveCubeActor (2019. 9. 3. 오전 2:19:19)
[2019.09.02-08.19.19:173][740]LogPlayLevel: Creating play world package: /Game/Maps/UEDPIE_0_MoveCubeActor
[2019.09.02-08.19.19:176][740]LogPlayLevel: PIE: StaticDuplicateObject took: (0.003062s)
[2019.09.02-08.19.19:177][740]LogAIModule: Creating AISystem for world MoveCubeActor
[2019.09.02-08.19.19:178][740]LogPlayLevel: PIE: World Init took: (0.001048s)
[2019.09.02-08.19.19:178][740]LogPlayLevel: PIE: Created PIE world by copying editor world from /Game/Maps/MoveCubeActor.MoveCubeActor to /Game/Maps/UEDPIE_0_MoveCubeActor.MoveCubeActor (0.004268s)
[2019.09.02-08.19.19:212][740]LogUObjectHash: Compacting FUObjectHashTables data took   2.92ms
[2019.09.02-08.19.19:616][740]LogInit: XAudio2 using '스피커(3- USB Audio Device)' : 2 channels at 48 kHz using 16 bits per sample (channel mask 0x3)
[2019.09.02-08.19.19:674][740]LogInit: FAudioDevice initialized.
[2019.09.02-08.19.19:706][740]LogLoad: Game class is 'GameModeBase'
[2019.09.02-08.19.19:708][740]LogWorld: Bringing World /Game/Maps/UEDPIE_0_MoveCubeActor.MoveCubeActor up for play (max tick rate 0) at 2019.09.02-17.19.19
[2019.09.02-08.19.19:708][740]LogWorld: Bringing up level for play took: 0.001056
[2019.09.02-08.19.19:721][740]PIE: Play in editor start time for /Game/Maps/UEDPIE_0_MoveCubeActor 0.03
[2019.09.02-08.19.19:721][740]LogBlueprintUserMessages: Late PlayInEditor Detection: Level '/Game/Maps/MoveCubeActor.MoveCubeActor:PersistentLevel' has LevelScriptBlueprint '/Game/Maps/MoveCubeActor.MoveCubeActor:PersistentLevel.MoveCubeActor' with GeneratedClass '/Game/Maps/MoveCubeActor.MoveCubeActor_C' with ClassGeneratedBy '/Game/Maps/MoveCubeActor.MoveCubeActor:PersistentLevel.MoveCubeActor'
[2019.09.02-08.19.36:430][719]LogBlueprintUserMessages: Early EndPlayMap Detection: Level '/Game/Maps/MoveCubeActor.MoveCubeActor:PersistentLevel' has LevelScriptBlueprint '/Game/Maps/MoveCubeActor.MoveCubeActor:PersistentLevel.MoveCubeActor' with GeneratedClass '/Game/Maps/MoveCubeActor.MoveCubeActor_C' with ClassGeneratedBy '/Game/Maps/MoveCubeActor.MoveCubeActor:PersistentLevel.MoveCubeActor'
[2019.09.02-08.19.36:430][719]LogSlate: Updating window title bar state: overlay mode, drag disabled, window buttons hidden, title bar hidden
[2019.09.02-08.19.36:465][719]LogPlayLevel: Display: Shutting down PIE online subsystems
[2019.09.02-08.19.36:465][719]LogBlueprintUserMessages: Late EndPlayMap Detection: Level '/Game/Maps/MoveCubeActor.MoveCubeActor:PersistentLevel' has LevelScriptBlueprint '/Game/Maps/MoveCubeActor.MoveCubeActor:PersistentLevel.MoveCubeActor' with GeneratedClass '/Game/Maps/MoveCubeActor.MoveCubeActor_C' with ClassGeneratedBy '/Game/Maps/MoveCubeActor.MoveCubeActor:PersistentLevel.MoveCubeActor'
[2019.09.02-08.19.36:499][719]LogSlate: Updating window title bar state: overlay mode, drag disabled, window buttons hidden, title bar hidden
[2019.09.02-08.19.36:503][719]LogUObjectHash: Compacting FUObjectHashTables data took   2.36ms
[2019.09.02-08.19.36:549][721]LogPlayLevel: Display: Destroying online subsystem :Context_10
[2019.09.02-09.43.42:246][202]LogSlate: FSceneViewport::OnFocusLost() reason 0
[2019.09.02-09.43.42:399][210]LogUObjectHash: Compacting FUObjectHashTables data took   5.78ms
[2019.09.02-09.43.44:803][210]LogSlate: Window 'Save Content' being destroyed
[2019.09.02-09.43.44:835][210]Cmd: OBJ SAVEPACKAGE PACKAGE="/Game/Maps/MoveCubeActor" FILE="../../../../../../Users/403/Desktop/UnrealProject/SideScrollGame/Content/Maps/MoveCubeActor.umap" SILENT=true AUTOSAVING=false KEEPDIRTY=false
[2019.09.02-09.43.44:867][210]LogUObjectHash: Compacting FUObjectHashTables data took   0.82ms
[2019.09.02-09.43.45:157][210]LogSavePackage: Moving '../../../../../../Users/403/Desktop/UnrealProject/SideScrollGame/Saved/MoveCubeActor9709606C4D810EEABFE882B7D7D8821F.tmp' to '../../../../../../Users/403/Desktop/UnrealProject/SideScrollGame/Content/Maps/MoveCubeActor.umap'
[2019.09.02-09.43.45:240][210]LogFileHelpers: Saving map 'MoveCubeActor' took 0.406
[2019.09.02-09.43.45:665][210]LogSlate: Window 'SideScrollGame - Unreal Editor' being destroyed
[2019.09.02-09.43.45:877][210]LogWindowsTextInputMethodSystem: Display: IME system now activated using TSF (Microsoft 입력기).
[2019.09.02-09.43.47:303][211]Cmd: QUIT_EDITOR
[2019.09.02-09.43.50:315][211]LogExit: Preparing to exit.
